Copyright 1986-2019 Xilinx, Inc. All Rights Reserved.
----------------------------------------------------------------------------------------------------------------------------------------------
| Tool Version     : Vivado v.2019.1 (win64) Build 2552052 Fri May 24 14:49:42 MDT 2019
| Date             : Sun Aug  6 15:32:21 2023
| Host             : DESKTOP-NSCBN50 running 64-bit major release  (build 9200)
| Command          : report_power -file accurate_power_routed.rpt -pb accurate_power_summary_routed.pb -rpx accurate_power_routed.rpx
| Design           : accurate
| Device           : xc7s100fgga676-2
| Design State     : routed
| Grade            : commercial
| Process          : typical
| Characterization : Production
----------------------------------------------------------------------------------------------------------------------------------------------

Power Report

Table of Contents
-----------------
1. Summary
1.1 On-Chip Components
1.2 Power Supply Summary
1.3 Confidence Level
2. Settings
2.1 Environment
2.2 Clock Constraints
3. Detailed Reports
3.1 By Hierarchy

1. Summary
----------

+--------------------------+----------------------------------+
| Total On-Chip Power (W)  | 32.430 (Junction temp exceeded!) |
| Design Power Budget (W)  | Unspecified*                     |
| Power Budget Margin (W)  | NA                               |
| Dynamic (W)              | 31.966                           |
| Device Static (W)        | 0.464                            |
| Effective TJA (C/W)      | 2.4                              |
| Max Ambient (C)          | 5.9                              |
| Junction Temperature (C) | 104.1                            |
| Confidence Level         | Low                              |
| Setting File             | ---                              |
| Simulation Activity File | ---                              |
| Design Nets Matched      | NA                               |
+--------------------------+----------------------------------+
* Specify Design Power Budget using, set_operating_conditions -design_power_budget <value in Watts>


1.1 On-Chip Components
----------------------

+--------------------------+-----------+----------+-----------+-----------------+
| On-Chip                  | Power (W) | Used     | Available | Utilization (%) |
+--------------------------+-----------+----------+-----------+-----------------+
| Slice Logic              |     9.697 |     6547 |       --- |             --- |
|   LUT as Distributed RAM |     6.302 |     4108 |     17600 |           23.34 |
|   LUT as Logic           |     2.912 |     1022 |     64000 |            1.60 |
|   F7/F8 Muxes            |     0.420 |     1088 |     64000 |            1.70 |
|   CARRY4                 |     0.052 |       30 |     16000 |            0.19 |
|   BUFG                   |     0.008 |        3 |        32 |            9.38 |
|   Register               |     0.004 |      253 |    128000 |            0.20 |
|   Others                 |     0.000 |        4 |       --- |             --- |
| Signals                  |    16.363 |     3408 |       --- |             --- |
| I/O                      |     5.905 |       28 |       400 |            7.00 |
| Static Power             |     0.464 |          |           |                 |
| Total                    |    32.430 |          |           |                 |
+--------------------------+-----------+----------+-----------+-----------------+


1.2 Power Supply Summary
------------------------

+-----------+-------------+-----------+-------------+------------+
| Source    | Voltage (V) | Total (A) | Dynamic (A) | Static (A) |
+-----------+-------------+-----------+-------------+------------+
| Vccint    |       1.000 |    26.416 |      26.133 |      0.283 |
| Vccaux    |       1.800 |     0.543 |       0.478 |      0.066 |
| Vcco33    |       3.300 |     0.000 |       0.000 |      0.000 |
| Vcco25    |       2.500 |     0.000 |       0.000 |      0.000 |
| Vcco18    |       1.800 |     2.767 |       2.763 |      0.004 |
| Vcco15    |       1.500 |     0.000 |       0.000 |      0.000 |
| Vcco135   |       1.350 |     0.000 |       0.000 |      0.000 |
| Vcco12    |       1.200 |     0.000 |       0.000 |      0.000 |
| Vccaux_io |       1.800 |     0.000 |       0.000 |      0.000 |
| Vccbram   |       1.000 |     0.019 |       0.000 |      0.019 |
| Vccadc    |       1.800 |     0.020 |       0.000 |      0.020 |
+-----------+-------------+-----------+-------------+------------+


1.3 Confidence Level
--------------------

+-----------------------------+------------+--------------------------------------------------------+--------------------------------------------------------------------------------------------------------------------+
| User Input Data             | Confidence | Details                                                | Action                                                                                                             |
+-----------------------------+------------+--------------------------------------------------------+--------------------------------------------------------------------------------------------------------------------+
| Design implementation state | High       | Design is routed                                       |                                                                                                                    |
| Clock nodes activity        | Low        | User specified less than 75% of clocks                 | Provide missing clock activity with a constraint file, simulation results or by editing the "By Clock Domain" view |
| I/O nodes activity          | Low        | More than 75% of inputs are missing user specification | Provide missing input activity with simulation results or by editing the "By Resource Type -> I/Os" view           |
| Internal nodes activity     | Medium     | User specified less than 25% of internal nodes         | Provide missing internal nodes activity with simulation results or by editing the "By Resource Type" views         |
| Device models               | High       | Device models are Production                           |                                                                                                                    |
|                             |            |                                                        |                                                                                                                    |
| Overall confidence level    | Low        |                                                        |                                                                                                                    |
+-----------------------------+------------+--------------------------------------------------------+--------------------------------------------------------------------------------------------------------------------+


2. Settings
-----------

2.1 Environment
---------------

+-----------------------+--------------------------+
| Ambient Temp (C)      | 25.0                     |
| ThetaJA (C/W)         | 2.4                      |
| Airflow (LFM)         | 250                      |
| Heat Sink             | medium (Medium Profile)  |
| ThetaSA (C/W)         | 2.8                      |
| Board Selection       | medium (10"x10")         |
| # of Board Layers     | 12to15 (12 to 15 Layers) |
| Board Temperature (C) | 25.0                     |
+-----------------------+--------------------------+


2.2 Clock Constraints
---------------------

+-------+--------+-----------------+
| Clock | Domain | Constraint (ns) |
+-------+--------+-----------------+


3. Detailed Reports
-------------------

3.1 By Hierarchy
----------------

+-------------------------------+-----------+
| Name                          | Power (W) |
+-------------------------------+-----------+
| accurate                      |    31.966 |
|   in_ram_reg_0_127_0_0        |     0.014 |
|   in_ram_reg_0_127_1_1        |     0.015 |
|   in_ram_reg_0_127_2_2        |     0.015 |
|   in_ram_reg_0_127_3_3        |     0.014 |
|   in_ram_reg_0_127_4_4        |     0.014 |
|   in_ram_reg_0_127_5_5        |     0.011 |
|   in_ram_reg_0_127_6_6        |     0.014 |
|   in_ram_reg_0_127_7_7        |     0.013 |
|   in_ram_reg_0_15_0_0         |     0.006 |
|   in_ram_reg_0_15_0_0__0      |     0.011 |
|   in_ram_reg_0_15_0_0__1      |     0.010 |
|   in_ram_reg_0_15_0_0__2      |     0.005 |
|   in_ram_reg_0_15_0_0__3      |     0.004 |
|   in_ram_reg_0_15_0_0__4      |     0.004 |
|   in_ram_reg_0_15_0_0__5      |     0.005 |
|   in_ram_reg_0_15_0_0__6      |     0.008 |
|   in_ram_reg_1024_1151_0_0    |     0.015 |
|   in_ram_reg_1024_1151_1_1    |     0.013 |
|   in_ram_reg_1024_1151_2_2    |     0.013 |
|   in_ram_reg_1024_1151_3_3    |     0.011 |
|   in_ram_reg_1024_1151_4_4    |     0.012 |
|   in_ram_reg_1024_1151_5_5    |     0.012 |
|   in_ram_reg_1024_1151_6_6    |     0.011 |
|   in_ram_reg_1024_1151_7_7    |     0.012 |
|   in_ram_reg_1152_1279_0_0    |     0.012 |
|   in_ram_reg_1152_1279_1_1    |     0.011 |
|   in_ram_reg_1152_1279_2_2    |     0.012 |
|   in_ram_reg_1152_1279_3_3    |     0.011 |
|   in_ram_reg_1152_1279_4_4    |     0.011 |
|   in_ram_reg_1152_1279_5_5    |     0.013 |
|   in_ram_reg_1152_1279_6_6    |     0.013 |
|   in_ram_reg_1152_1279_7_7    |     0.012 |
|   in_ram_reg_1280_1407_0_0    |     0.011 |
|   in_ram_reg_1280_1407_1_1    |     0.012 |
|   in_ram_reg_1280_1407_2_2    |     0.011 |
|   in_ram_reg_1280_1407_3_3    |     0.012 |
|   in_ram_reg_1280_1407_4_4    |     0.010 |
|   in_ram_reg_1280_1407_5_5    |     0.013 |
|   in_ram_reg_1280_1407_6_6    |     0.011 |
|   in_ram_reg_1280_1407_7_7    |     0.012 |
|   in_ram_reg_128_255_0_0      |     0.016 |
|   in_ram_reg_128_255_1_1      |     0.018 |
|   in_ram_reg_128_255_2_2      |     0.012 |
|   in_ram_reg_128_255_3_3      |     0.011 |
|   in_ram_reg_128_255_4_4      |     0.013 |
|   in_ram_reg_128_255_5_5      |     0.015 |
|   in_ram_reg_128_255_6_6      |     0.014 |
|   in_ram_reg_128_255_7_7      |     0.010 |
|   in_ram_reg_1408_1535_0_0    |     0.011 |
|   in_ram_reg_1408_1535_1_1    |     0.010 |
|   in_ram_reg_1408_1535_2_2    |     0.012 |
|   in_ram_reg_1408_1535_3_3    |     0.011 |
|   in_ram_reg_1408_1535_4_4    |     0.010 |
|   in_ram_reg_1408_1535_5_5    |     0.013 |
|   in_ram_reg_1408_1535_6_6    |     0.015 |
|   in_ram_reg_1408_1535_7_7    |     0.014 |
|   in_ram_reg_1536_1663_0_0    |     0.011 |
|   in_ram_reg_1536_1663_1_1    |     0.012 |
|   in_ram_reg_1536_1663_2_2    |     0.014 |
|   in_ram_reg_1536_1663_3_3    |     0.014 |
|   in_ram_reg_1536_1663_4_4    |     0.011 |
|   in_ram_reg_1536_1663_5_5    |     0.011 |
|   in_ram_reg_1536_1663_6_6    |     0.017 |
|   in_ram_reg_1536_1663_7_7    |     0.012 |
|   in_ram_reg_1664_1791_0_0    |     0.015 |
|   in_ram_reg_1664_1791_1_1    |     0.012 |
|   in_ram_reg_1664_1791_2_2    |     0.013 |
|   in_ram_reg_1664_1791_3_3    |     0.013 |
|   in_ram_reg_1664_1791_4_4    |     0.010 |
|   in_ram_reg_1664_1791_5_5    |     0.011 |
|   in_ram_reg_1664_1791_6_6    |     0.010 |
|   in_ram_reg_1664_1791_7_7    |     0.013 |
|   in_ram_reg_1792_1919_0_0    |     0.011 |
|   in_ram_reg_1792_1919_1_1    |     0.012 |
|   in_ram_reg_1792_1919_2_2    |     0.012 |
|   in_ram_reg_1792_1919_3_3    |     0.014 |
|   in_ram_reg_1792_1919_4_4    |     0.010 |
|   in_ram_reg_1792_1919_5_5    |     0.011 |
|   in_ram_reg_1792_1919_6_6    |     0.011 |
|   in_ram_reg_1792_1919_7_7    |     0.011 |
|   in_ram_reg_1920_2047_0_0    |     0.013 |
|   in_ram_reg_1920_2047_1_1    |     0.013 |
|   in_ram_reg_1920_2047_2_2    |     0.013 |
|   in_ram_reg_1920_2047_3_3    |     0.012 |
|   in_ram_reg_1920_2047_4_4    |     0.014 |
|   in_ram_reg_1920_2047_5_5    |     0.014 |
|   in_ram_reg_1920_2047_6_6    |     0.013 |
|   in_ram_reg_1920_2047_7_7    |     0.011 |
|   in_ram_reg_2048_2175_0_0    |     0.013 |
|   in_ram_reg_2048_2175_1_1    |     0.012 |
|   in_ram_reg_2048_2175_2_2    |     0.012 |
|   in_ram_reg_2048_2175_3_3    |     0.010 |
|   in_ram_reg_2048_2175_4_4    |     0.011 |
|   in_ram_reg_2048_2175_5_5    |     0.014 |
|   in_ram_reg_2048_2175_6_6    |     0.010 |
|   in_ram_reg_2048_2175_7_7    |     0.010 |
|   in_ram_reg_2176_2303_0_0    |     0.013 |
|   in_ram_reg_2176_2303_1_1    |     0.012 |
|   in_ram_reg_2176_2303_2_2    |     0.013 |
|   in_ram_reg_2176_2303_3_3    |     0.016 |
|   in_ram_reg_2176_2303_4_4    |     0.012 |
|   in_ram_reg_2176_2303_5_5    |     0.011 |
|   in_ram_reg_2176_2303_6_6    |     0.012 |
|   in_ram_reg_2176_2303_7_7    |     0.012 |
|   in_ram_reg_2304_2431_0_0    |     0.012 |
|   in_ram_reg_2304_2431_1_1    |     0.013 |
|   in_ram_reg_2304_2431_2_2    |     0.015 |
|   in_ram_reg_2304_2431_3_3    |     0.013 |
|   in_ram_reg_2304_2431_4_4    |     0.011 |
|   in_ram_reg_2304_2431_5_5    |     0.012 |
|   in_ram_reg_2304_2431_6_6    |     0.011 |
|   in_ram_reg_2304_2431_7_7    |     0.010 |
|   in_ram_reg_2432_2559_0_0    |     0.011 |
|   in_ram_reg_2432_2559_1_1    |     0.011 |
|   in_ram_reg_2432_2559_2_2    |     0.014 |
|   in_ram_reg_2432_2559_3_3    |     0.014 |
|   in_ram_reg_2432_2559_4_4    |     0.012 |
|   in_ram_reg_2432_2559_5_5    |     0.011 |
|   in_ram_reg_2432_2559_6_6    |     0.011 |
|   in_ram_reg_2432_2559_7_7    |     0.013 |
|   in_ram_reg_2560_2687_0_0    |     0.012 |
|   in_ram_reg_2560_2687_1_1    |     0.012 |
|   in_ram_reg_2560_2687_2_2    |     0.011 |
|   in_ram_reg_2560_2687_3_3    |     0.014 |
|   in_ram_reg_2560_2687_4_4    |     0.012 |
|   in_ram_reg_2560_2687_5_5    |     0.011 |
|   in_ram_reg_2560_2687_6_6    |     0.011 |
|   in_ram_reg_2560_2687_7_7    |     0.013 |
|   in_ram_reg_256_383_0_0      |     0.013 |
|   in_ram_reg_256_383_1_1      |     0.013 |
|   in_ram_reg_256_383_2_2      |     0.012 |
|   in_ram_reg_256_383_3_3      |     0.013 |
|   in_ram_reg_256_383_4_4      |     0.011 |
|   in_ram_reg_256_383_5_5      |     0.011 |
|   in_ram_reg_256_383_6_6      |     0.014 |
|   in_ram_reg_256_383_7_7      |     0.011 |
|   in_ram_reg_2688_2815_0_0    |     0.013 |
|   in_ram_reg_2688_2815_1_1    |     0.013 |
|   in_ram_reg_2688_2815_2_2    |     0.012 |
|   in_ram_reg_2688_2815_3_3    |     0.011 |
|   in_ram_reg_2688_2815_4_4    |     0.012 |
|   in_ram_reg_2688_2815_5_5    |     0.013 |
|   in_ram_reg_2688_2815_6_6    |     0.012 |
|   in_ram_reg_2688_2815_7_7    |     0.012 |
|   in_ram_reg_2816_2943_0_0    |     0.011 |
|   in_ram_reg_2816_2943_1_1    |     0.012 |
|   in_ram_reg_2816_2943_2_2    |     0.014 |
|   in_ram_reg_2816_2943_3_3    |     0.013 |
|   in_ram_reg_2816_2943_4_4    |     0.011 |
|   in_ram_reg_2816_2943_5_5    |     0.012 |
|   in_ram_reg_2816_2943_6_6    |     0.011 |
|   in_ram_reg_2816_2943_7_7    |     0.012 |
|   in_ram_reg_2944_3071_0_0    |     0.012 |
|   in_ram_reg_2944_3071_1_1    |     0.011 |
|   in_ram_reg_2944_3071_2_2    |     0.011 |
|   in_ram_reg_2944_3071_3_3    |     0.012 |
|   in_ram_reg_2944_3071_4_4    |     0.011 |
|   in_ram_reg_2944_3071_5_5    |     0.011 |
|   in_ram_reg_2944_3071_6_6    |     0.013 |
|   in_ram_reg_2944_3071_7_7    |     0.016 |
|   in_ram_reg_3072_3199_0_0    |     0.011 |
|   in_ram_reg_3072_3199_1_1    |     0.010 |
|   in_ram_reg_3072_3199_2_2    |     0.011 |
|   in_ram_reg_3072_3199_3_3    |     0.013 |
|   in_ram_reg_3072_3199_4_4    |     0.011 |
|   in_ram_reg_3072_3199_5_5    |     0.012 |
|   in_ram_reg_3072_3199_6_6    |     0.011 |
|   in_ram_reg_3072_3199_7_7    |     0.013 |
|   in_ram_reg_3200_3327_0_0    |     0.013 |
|   in_ram_reg_3200_3327_1_1    |     0.012 |
|   in_ram_reg_3200_3327_2_2    |     0.012 |
|   in_ram_reg_3200_3327_3_3    |     0.015 |
|   in_ram_reg_3200_3327_4_4    |     0.011 |
|   in_ram_reg_3200_3327_5_5    |     0.014 |
|   in_ram_reg_3200_3327_6_6    |     0.011 |
|   in_ram_reg_3200_3327_7_7    |     0.013 |
|   in_ram_reg_3328_3455_0_0    |     0.011 |
|   in_ram_reg_3328_3455_1_1    |     0.011 |
|   in_ram_reg_3328_3455_2_2    |     0.012 |
|   in_ram_reg_3328_3455_3_3    |     0.011 |
|   in_ram_reg_3328_3455_4_4    |     0.011 |
|   in_ram_reg_3328_3455_5_5    |     0.011 |
|   in_ram_reg_3328_3455_6_6    |     0.011 |
|   in_ram_reg_3328_3455_7_7    |     0.010 |
|   in_ram_reg_3456_3583_0_0    |     0.011 |
|   in_ram_reg_3456_3583_1_1    |     0.011 |
|   in_ram_reg_3456_3583_2_2    |     0.010 |
|   in_ram_reg_3456_3583_3_3    |     0.012 |
|   in_ram_reg_3456_3583_4_4    |     0.012 |
|   in_ram_reg_3456_3583_5_5    |     0.010 |
|   in_ram_reg_3456_3583_6_6    |     0.012 |
|   in_ram_reg_3456_3583_7_7    |     0.011 |
|   in_ram_reg_3584_3711_0_0    |     0.011 |
|   in_ram_reg_3584_3711_1_1    |     0.011 |
|   in_ram_reg_3584_3711_2_2    |     0.010 |
|   in_ram_reg_3584_3711_3_3    |     0.011 |
|   in_ram_reg_3584_3711_4_4    |     0.011 |
|   in_ram_reg_3584_3711_5_5    |     0.012 |
|   in_ram_reg_3584_3711_6_6    |     0.011 |
|   in_ram_reg_3584_3711_7_7    |     0.012 |
|   in_ram_reg_3712_3839_0_0    |     0.012 |
|   in_ram_reg_3712_3839_1_1    |     0.011 |
|   in_ram_reg_3712_3839_2_2    |     0.011 |
|   in_ram_reg_3712_3839_3_3    |     0.011 |
|   in_ram_reg_3712_3839_4_4    |     0.013 |
|   in_ram_reg_3712_3839_5_5    |     0.012 |
|   in_ram_reg_3712_3839_6_6    |     0.011 |
|   in_ram_reg_3712_3839_7_7    |     0.014 |
|   in_ram_reg_3840_3967_0_0    |     0.011 |
|   in_ram_reg_3840_3967_1_1    |     0.012 |
|   in_ram_reg_3840_3967_2_2    |     0.010 |
|   in_ram_reg_3840_3967_3_3    |     0.012 |
|   in_ram_reg_3840_3967_4_4    |     0.011 |
|   in_ram_reg_3840_3967_5_5    |     0.011 |
|   in_ram_reg_3840_3967_6_6    |     0.011 |
|   in_ram_reg_3840_3967_7_7    |     0.011 |
|   in_ram_reg_384_511_0_0      |     0.018 |
|   in_ram_reg_384_511_1_1      |     0.013 |
|   in_ram_reg_384_511_2_2      |     0.011 |
|   in_ram_reg_384_511_3_3      |     0.010 |
|   in_ram_reg_384_511_4_4      |     0.012 |
|   in_ram_reg_384_511_5_5      |     0.014 |
|   in_ram_reg_384_511_6_6      |     0.012 |
|   in_ram_reg_384_511_7_7      |     0.010 |
|   in_ram_reg_3968_4095_0_0    |     0.014 |
|   in_ram_reg_3968_4095_1_1    |     0.012 |
|   in_ram_reg_3968_4095_2_2    |     0.011 |
|   in_ram_reg_3968_4095_3_3    |     0.012 |
|   in_ram_reg_3968_4095_4_4    |     0.014 |
|   in_ram_reg_3968_4095_5_5    |     0.011 |
|   in_ram_reg_3968_4095_6_6    |     0.011 |
|   in_ram_reg_3968_4095_7_7    |     0.012 |
|   in_ram_reg_4096_4223_0_0    |     0.011 |
|   in_ram_reg_4096_4223_1_1    |     0.010 |
|   in_ram_reg_4096_4223_2_2    |     0.012 |
|   in_ram_reg_4096_4223_3_3    |     0.010 |
|   in_ram_reg_4096_4223_4_4    |     0.012 |
|   in_ram_reg_4096_4223_5_5    |     0.011 |
|   in_ram_reg_4096_4223_6_6    |     0.011 |
|   in_ram_reg_4096_4223_7_7    |     0.017 |
|   in_ram_reg_4224_4351_0_0    |     0.010 |
|   in_ram_reg_4224_4351_1_1    |     0.011 |
|   in_ram_reg_4224_4351_2_2    |     0.011 |
|   in_ram_reg_4224_4351_3_3    |     0.011 |
|   in_ram_reg_4224_4351_4_4    |     0.011 |
|   in_ram_reg_4224_4351_5_5    |     0.011 |
|   in_ram_reg_4224_4351_6_6    |     0.012 |
|   in_ram_reg_4224_4351_7_7    |     0.016 |
|   in_ram_reg_4352_4479_0_0    |     0.010 |
|   in_ram_reg_4352_4479_1_1    |     0.011 |
|   in_ram_reg_4352_4479_2_2    |     0.011 |
|   in_ram_reg_4352_4479_3_3    |     0.010 |
|   in_ram_reg_4352_4479_4_4    |     0.011 |
|   in_ram_reg_4352_4479_5_5    |     0.010 |
|   in_ram_reg_4352_4479_6_6    |     0.012 |
|   in_ram_reg_4352_4479_7_7    |     0.011 |
|   in_ram_reg_4480_4607_0_0    |     0.011 |
|   in_ram_reg_4480_4607_1_1    |     0.009 |
|   in_ram_reg_4480_4607_2_2    |     0.009 |
|   in_ram_reg_4480_4607_3_3    |     0.010 |
|   in_ram_reg_4480_4607_4_4    |     0.009 |
|   in_ram_reg_4480_4607_5_5    |     0.011 |
|   in_ram_reg_4480_4607_6_6    |     0.011 |
|   in_ram_reg_4480_4607_7_7    |     0.010 |
|   in_ram_reg_4608_4735_0_0    |     0.011 |
|   in_ram_reg_4608_4735_1_1    |     0.013 |
|   in_ram_reg_4608_4735_2_2    |     0.011 |
|   in_ram_reg_4608_4735_3_3    |     0.012 |
|   in_ram_reg_4608_4735_4_4    |     0.013 |
|   in_ram_reg_4608_4735_5_5    |     0.013 |
|   in_ram_reg_4608_4735_6_6    |     0.010 |
|   in_ram_reg_4608_4735_7_7    |     0.011 |
|   in_ram_reg_4736_4863_0_0    |     0.012 |
|   in_ram_reg_4736_4863_1_1    |     0.014 |
|   in_ram_reg_4736_4863_2_2    |     0.013 |
|   in_ram_reg_4736_4863_3_3    |     0.011 |
|   in_ram_reg_4736_4863_4_4    |     0.011 |
|   in_ram_reg_4736_4863_5_5    |     0.014 |
|   in_ram_reg_4736_4863_6_6    |     0.010 |
|   in_ram_reg_4736_4863_7_7    |     0.013 |
|   in_ram_reg_4864_4991_0_0    |     0.012 |
|   in_ram_reg_4864_4991_1_1    |     0.011 |
|   in_ram_reg_4864_4991_2_2    |     0.010 |
|   in_ram_reg_4864_4991_3_3    |     0.011 |
|   in_ram_reg_4864_4991_4_4    |     0.014 |
|   in_ram_reg_4864_4991_5_5    |     0.011 |
|   in_ram_reg_4864_4991_6_6    |     0.010 |
|   in_ram_reg_4864_4991_7_7    |     0.013 |
|   in_ram_reg_512_639_0_0      |     0.013 |
|   in_ram_reg_512_639_1_1      |     0.014 |
|   in_ram_reg_512_639_2_2      |     0.013 |
|   in_ram_reg_512_639_3_3      |     0.011 |
|   in_ram_reg_512_639_4_4      |     0.011 |
|   in_ram_reg_512_639_5_5      |     0.010 |
|   in_ram_reg_512_639_6_6      |     0.016 |
|   in_ram_reg_512_639_7_7      |     0.015 |
|   in_ram_reg_640_767_0_0      |     0.014 |
|   in_ram_reg_640_767_1_1      |     0.014 |
|   in_ram_reg_640_767_2_2      |     0.013 |
|   in_ram_reg_640_767_3_3      |     0.013 |
|   in_ram_reg_640_767_4_4      |     0.013 |
|   in_ram_reg_640_767_5_5      |     0.012 |
|   in_ram_reg_640_767_6_6      |     0.014 |
|   in_ram_reg_640_767_7_7      |     0.016 |
|   in_ram_reg_768_895_0_0      |     0.014 |
|   in_ram_reg_768_895_1_1      |     0.014 |
|   in_ram_reg_768_895_2_2      |     0.013 |
|   in_ram_reg_768_895_3_3      |     0.013 |
|   in_ram_reg_768_895_4_4      |     0.013 |
|   in_ram_reg_768_895_5_5      |     0.011 |
|   in_ram_reg_768_895_6_6      |     0.016 |
|   in_ram_reg_768_895_7_7      |     0.017 |
|   in_ram_reg_896_1023_0_0     |     0.014 |
|   in_ram_reg_896_1023_1_1     |     0.015 |
|   in_ram_reg_896_1023_2_2     |     0.013 |
|   in_ram_reg_896_1023_3_3     |     0.013 |
|   in_ram_reg_896_1023_4_4     |     0.012 |
|   in_ram_reg_896_1023_5_5     |     0.012 |
|   in_ram_reg_896_1023_6_6     |     0.011 |
|   in_ram_reg_896_1023_7_7     |     0.015 |
|   in_ram_reg_r2_0_63_0_2      |     0.009 |
|   in_ram_reg_r2_0_63_3_5      |     0.008 |
|   in_ram_reg_r2_0_63_6_6      |     0.005 |
|   in_ram_reg_r2_0_63_7_7      |     0.007 |
|   in_ram_reg_r2_1024_1087_0_2 |     0.008 |
|   in_ram_reg_r2_1024_1087_3_5 |     0.009 |
|   in_ram_reg_r2_1024_1087_6_6 |     0.005 |
|   in_ram_reg_r2_1024_1087_7_7 |     0.006 |
|   in_ram_reg_r2_1088_1151_0_2 |     0.009 |
|   in_ram_reg_r2_1088_1151_3_5 |     0.008 |
|   in_ram_reg_r2_1088_1151_6_6 |     0.006 |
|   in_ram_reg_r2_1088_1151_7_7 |     0.005 |
|   in_ram_reg_r2_1152_1215_0_2 |     0.009 |
|   in_ram_reg_r2_1152_1215_3_5 |     0.008 |
|   in_ram_reg_r2_1152_1215_6_6 |     0.005 |
|   in_ram_reg_r2_1152_1215_7_7 |     0.005 |
|   in_ram_reg_r2_1216_1279_0_2 |     0.007 |
|   in_ram_reg_r2_1216_1279_3_5 |     0.006 |
|   in_ram_reg_r2_1216_1279_6_6 |     0.005 |
|   in_ram_reg_r2_1216_1279_7_7 |     0.005 |
|   in_ram_reg_r2_1280_1343_0_2 |     0.009 |
|   in_ram_reg_r2_1280_1343_3_5 |     0.007 |
|   in_ram_reg_r2_1280_1343_6_6 |     0.005 |
|   in_ram_reg_r2_1280_1343_7_7 |     0.005 |
|   in_ram_reg_r2_128_191_0_2   |     0.008 |
|   in_ram_reg_r2_128_191_3_5   |     0.008 |
|   in_ram_reg_r2_128_191_6_6   |     0.005 |
|   in_ram_reg_r2_128_191_7_7   |     0.007 |
|   in_ram_reg_r2_1344_1407_0_2 |     0.008 |
|   in_ram_reg_r2_1344_1407_3_5 |     0.008 |
|   in_ram_reg_r2_1344_1407_6_6 |     0.004 |
|   in_ram_reg_r2_1344_1407_7_7 |     0.005 |
|   in_ram_reg_r2_1408_1471_0_2 |     0.007 |
|   in_ram_reg_r2_1408_1471_3_5 |     0.008 |
|   in_ram_reg_r2_1408_1471_6_6 |     0.004 |
|   in_ram_reg_r2_1408_1471_7_7 |     0.006 |
|   in_ram_reg_r2_1472_1535_0_2 |     0.008 |
|   in_ram_reg_r2_1472_1535_3_5 |     0.008 |
|   in_ram_reg_r2_1472_1535_6_6 |     0.004 |
|   in_ram_reg_r2_1472_1535_7_7 |     0.004 |
|   in_ram_reg_r2_1536_1599_0_2 |     0.008 |
|   in_ram_reg_r2_1536_1599_3_5 |     0.008 |
|   in_ram_reg_r2_1536_1599_6_6 |     0.005 |
|   in_ram_reg_r2_1536_1599_7_7 |     0.005 |
|   in_ram_reg_r2_1600_1663_0_2 |     0.009 |
|   in_ram_reg_r2_1600_1663_3_5 |     0.009 |
|   in_ram_reg_r2_1600_1663_6_6 |     0.005 |
|   in_ram_reg_r2_1600_1663_7_7 |     0.005 |
|   in_ram_reg_r2_1664_1727_0_2 |     0.009 |
|   in_ram_reg_r2_1664_1727_3_5 |     0.008 |
|   in_ram_reg_r2_1664_1727_6_6 |     0.004 |
|   in_ram_reg_r2_1664_1727_7_7 |     0.005 |
|   in_ram_reg_r2_1728_1791_0_2 |     0.009 |
|   in_ram_reg_r2_1728_1791_3_5 |     0.007 |
|   in_ram_reg_r2_1728_1791_6_6 |     0.005 |
|   in_ram_reg_r2_1728_1791_7_7 |     0.005 |
|   in_ram_reg_r2_1792_1855_0_2 |     0.009 |
|   in_ram_reg_r2_1792_1855_3_5 |     0.009 |
|   in_ram_reg_r2_1792_1855_6_6 |     0.005 |
|   in_ram_reg_r2_1792_1855_7_7 |     0.004 |
|   in_ram_reg_r2_1856_1919_0_2 |     0.008 |
|   in_ram_reg_r2_1856_1919_3_5 |     0.009 |
|   in_ram_reg_r2_1856_1919_6_6 |     0.006 |
|   in_ram_reg_r2_1856_1919_7_7 |     0.004 |
|   in_ram_reg_r2_1920_1983_0_2 |     0.009 |
|   in_ram_reg_r2_1920_1983_3_5 |     0.009 |
|   in_ram_reg_r2_1920_1983_6_6 |     0.004 |
|   in_ram_reg_r2_1920_1983_7_7 |     0.005 |
|   in_ram_reg_r2_192_255_0_2   |     0.006 |
|   in_ram_reg_r2_192_255_3_5   |     0.008 |
|   in_ram_reg_r2_192_255_6_6   |     0.005 |
|   in_ram_reg_r2_192_255_7_7   |     0.006 |
|   in_ram_reg_r2_1984_2047_0_2 |     0.009 |
|   in_ram_reg_r2_1984_2047_3_5 |     0.008 |
|   in_ram_reg_r2_1984_2047_6_6 |     0.005 |
|   in_ram_reg_r2_1984_2047_7_7 |     0.005 |
|   in_ram_reg_r2_2048_2111_0_2 |     0.008 |
|   in_ram_reg_r2_2048_2111_3_5 |     0.009 |
|   in_ram_reg_r2_2048_2111_6_6 |     0.005 |
|   in_ram_reg_r2_2048_2111_7_7 |     0.004 |
|   in_ram_reg_r2_2112_2175_0_2 |     0.008 |
|   in_ram_reg_r2_2112_2175_3_5 |     0.009 |
|   in_ram_reg_r2_2112_2175_6_6 |     0.005 |
|   in_ram_reg_r2_2112_2175_7_7 |     0.005 |
|   in_ram_reg_r2_2176_2239_0_2 |     0.009 |
|   in_ram_reg_r2_2176_2239_3_5 |     0.009 |
|   in_ram_reg_r2_2176_2239_6_6 |     0.004 |
|   in_ram_reg_r2_2176_2239_7_7 |     0.004 |
|   in_ram_reg_r2_2240_2303_0_2 |     0.007 |
|   in_ram_reg_r2_2240_2303_3_5 |     0.007 |
|   in_ram_reg_r2_2240_2303_6_6 |     0.004 |
|   in_ram_reg_r2_2240_2303_7_7 |     0.004 |
|   in_ram_reg_r2_2304_2367_0_2 |     0.008 |
|   in_ram_reg_r2_2304_2367_3_5 |     0.010 |
|   in_ram_reg_r2_2304_2367_6_6 |     0.005 |
|   in_ram_reg_r2_2304_2367_7_7 |     0.004 |
|   in_ram_reg_r2_2368_2431_0_2 |     0.009 |
|   in_ram_reg_r2_2368_2431_3_5 |     0.007 |
|   in_ram_reg_r2_2368_2431_6_6 |     0.004 |
|   in_ram_reg_r2_2368_2431_7_7 |     0.005 |
|   in_ram_reg_r2_2432_2495_0_2 |     0.009 |
|   in_ram_reg_r2_2432_2495_3_5 |     0.008 |
|   in_ram_reg_r2_2432_2495_6_6 |     0.004 |
|   in_ram_reg_r2_2432_2495_7_7 |     0.004 |
|   in_ram_reg_r2_2496_2559_0_2 |     0.006 |
|   in_ram_reg_r2_2496_2559_3_5 |     0.007 |
|   in_ram_reg_r2_2496_2559_6_6 |     0.004 |
|   in_ram_reg_r2_2496_2559_7_7 |     0.005 |
|   in_ram_reg_r2_2560_2623_0_2 |     0.009 |
|   in_ram_reg_r2_2560_2623_3_5 |     0.008 |
|   in_ram_reg_r2_2560_2623_6_6 |     0.004 |
|   in_ram_reg_r2_2560_2623_7_7 |     0.005 |
|   in_ram_reg_r2_256_319_0_2   |     0.008 |
|   in_ram_reg_r2_256_319_3_5   |     0.009 |
|   in_ram_reg_r2_256_319_6_6   |     0.005 |
|   in_ram_reg_r2_256_319_7_7   |     0.006 |
|   in_ram_reg_r2_2624_2687_0_2 |     0.009 |
|   in_ram_reg_r2_2624_2687_3_5 |     0.009 |
|   in_ram_reg_r2_2624_2687_6_6 |     0.005 |
|   in_ram_reg_r2_2624_2687_7_7 |     0.005 |
|   in_ram_reg_r2_2688_2751_0_2 |     0.007 |
|   in_ram_reg_r2_2688_2751_3_5 |     0.010 |
|   in_ram_reg_r2_2688_2751_6_6 |     0.004 |
|   in_ram_reg_r2_2688_2751_7_7 |     0.004 |
|   in_ram_reg_r2_2752_2815_0_2 |     0.009 |
|   in_ram_reg_r2_2752_2815_3_5 |     0.009 |
|   in_ram_reg_r2_2752_2815_6_6 |     0.005 |
|   in_ram_reg_r2_2752_2815_7_7 |     0.005 |
|   in_ram_reg_r2_2816_2879_0_2 |     0.008 |
|   in_ram_reg_r2_2816_2879_3_5 |     0.007 |
|   in_ram_reg_r2_2816_2879_6_6 |     0.005 |
|   in_ram_reg_r2_2816_2879_7_7 |     0.005 |
|   in_ram_reg_r2_2880_2943_0_2 |     0.009 |
|   in_ram_reg_r2_2880_2943_3_5 |     0.009 |
|   in_ram_reg_r2_2880_2943_6_6 |     0.005 |
|   in_ram_reg_r2_2880_2943_7_7 |     0.005 |
|   in_ram_reg_r2_2944_3007_0_2 |     0.009 |
|   in_ram_reg_r2_2944_3007_3_5 |     0.009 |
|   in_ram_reg_r2_2944_3007_6_6 |     0.006 |
|   in_ram_reg_r2_2944_3007_7_7 |     0.005 |
|   in_ram_reg_r2_3008_3071_0_2 |     0.009 |
|   in_ram_reg_r2_3008_3071_3_5 |     0.010 |
|   in_ram_reg_r2_3008_3071_6_6 |     0.004 |
|   in_ram_reg_r2_3008_3071_7_7 |     0.005 |
|   in_ram_reg_r2_3072_3135_0_2 |     0.009 |
|   in_ram_reg_r2_3072_3135_3_5 |     0.008 |
|   in_ram_reg_r2_3072_3135_6_6 |     0.005 |
|   in_ram_reg_r2_3072_3135_7_7 |     0.005 |
|   in_ram_reg_r2_3136_3199_0_2 |     0.008 |
|   in_ram_reg_r2_3136_3199_3_5 |     0.009 |
|   in_ram_reg_r2_3136_3199_6_6 |     0.004 |
|   in_ram_reg_r2_3136_3199_7_7 |     0.004 |
|   in_ram_reg_r2_3200_3263_0_2 |     0.009 |
|   in_ram_reg_r2_3200_3263_3_5 |     0.008 |
|   in_ram_reg_r2_3200_3263_6_6 |     0.004 |
|   in_ram_reg_r2_3200_3263_7_7 |     0.005 |
|   in_ram_reg_r2_320_383_0_2   |     0.008 |
|   in_ram_reg_r2_320_383_3_5   |     0.009 |
|   in_ram_reg_r2_320_383_6_6   |     0.004 |
|   in_ram_reg_r2_320_383_7_7   |     0.007 |
|   in_ram_reg_r2_3264_3327_0_2 |     0.008 |
|   in_ram_reg_r2_3264_3327_3_5 |     0.008 |
|   in_ram_reg_r2_3264_3327_6_6 |     0.005 |
|   in_ram_reg_r2_3264_3327_7_7 |     0.005 |
|   in_ram_reg_r2_3328_3391_0_2 |     0.009 |
|   in_ram_reg_r2_3328_3391_3_5 |     0.009 |
|   in_ram_reg_r2_3328_3391_6_6 |     0.005 |
|   in_ram_reg_r2_3328_3391_7_7 |     0.005 |
|   in_ram_reg_r2_3392_3455_0_2 |     0.011 |
|   in_ram_reg_r2_3392_3455_3_5 |     0.008 |
|   in_ram_reg_r2_3392_3455_6_6 |     0.005 |
|   in_ram_reg_r2_3392_3455_7_7 |     0.005 |
|   in_ram_reg_r2_3456_3519_0_2 |     0.008 |
|   in_ram_reg_r2_3456_3519_3_5 |     0.009 |
|   in_ram_reg_r2_3456_3519_6_6 |     0.004 |
|   in_ram_reg_r2_3456_3519_7_7 |     0.005 |
|   in_ram_reg_r2_3520_3583_0_2 |     0.007 |
|   in_ram_reg_r2_3520_3583_3_5 |     0.007 |
|   in_ram_reg_r2_3520_3583_6_6 |     0.005 |
|   in_ram_reg_r2_3520_3583_7_7 |     0.005 |
|   in_ram_reg_r2_3584_3647_0_2 |     0.008 |
|   in_ram_reg_r2_3584_3647_3_5 |     0.008 |
|   in_ram_reg_r2_3584_3647_6_6 |     0.004 |
|   in_ram_reg_r2_3584_3647_7_7 |     0.004 |
|   in_ram_reg_r2_3648_3711_0_2 |     0.009 |
|   in_ram_reg_r2_3648_3711_3_5 |     0.009 |
|   in_ram_reg_r2_3648_3711_6_6 |     0.005 |
|   in_ram_reg_r2_3648_3711_7_7 |     0.004 |
|   in_ram_reg_r2_3712_3775_0_2 |     0.008 |
|   in_ram_reg_r2_3712_3775_3_5 |     0.009 |
|   in_ram_reg_r2_3712_3775_6_6 |     0.005 |
|   in_ram_reg_r2_3712_3775_7_7 |     0.005 |
|   in_ram_reg_r2_3776_3839_0_2 |     0.008 |
|   in_ram_reg_r2_3776_3839_3_5 |     0.010 |
|   in_ram_reg_r2_3776_3839_6_6 |     0.005 |
|   in_ram_reg_r2_3776_3839_7_7 |     0.006 |
|   in_ram_reg_r2_3840_3903_0_2 |     0.008 |
|   in_ram_reg_r2_3840_3903_3_5 |     0.009 |
|   in_ram_reg_r2_3840_3903_6_6 |     0.005 |
|   in_ram_reg_r2_3840_3903_7_7 |     0.004 |
|   in_ram_reg_r2_384_447_0_2   |     0.008 |
|   in_ram_reg_r2_384_447_3_5   |     0.008 |
|   in_ram_reg_r2_384_447_6_6   |     0.005 |
|   in_ram_reg_r2_384_447_7_7   |     0.007 |
|   in_ram_reg_r2_3904_3967_0_2 |     0.009 |
|   in_ram_reg_r2_3904_3967_3_5 |     0.009 |
|   in_ram_reg_r2_3904_3967_6_6 |     0.006 |
|   in_ram_reg_r2_3904_3967_7_7 |     0.005 |
|   in_ram_reg_r2_3968_4031_0_2 |     0.007 |
|   in_ram_reg_r2_3968_4031_3_5 |     0.009 |
|   in_ram_reg_r2_3968_4031_6_6 |     0.005 |
|   in_ram_reg_r2_3968_4031_7_7 |     0.006 |
|   in_ram_reg_r2_4032_4095_0_2 |     0.007 |
|   in_ram_reg_r2_4032_4095_3_5 |     0.009 |
|   in_ram_reg_r2_4032_4095_6_6 |     0.005 |
|   in_ram_reg_r2_4032_4095_7_7 |     0.004 |
|   in_ram_reg_r2_4096_4159_0_2 |     0.010 |
|   in_ram_reg_r2_4096_4159_3_5 |     0.006 |
|   in_ram_reg_r2_4096_4159_6_6 |     0.004 |
|   in_ram_reg_r2_4096_4159_7_7 |     0.004 |
|   in_ram_reg_r2_4160_4223_0_2 |     0.010 |
|   in_ram_reg_r2_4160_4223_3_5 |     0.009 |
|   in_ram_reg_r2_4160_4223_6_6 |     0.005 |
|   in_ram_reg_r2_4160_4223_7_7 |     0.005 |
|   in_ram_reg_r2_4224_4287_0_2 |     0.007 |
|   in_ram_reg_r2_4224_4287_3_5 |     0.007 |
|   in_ram_reg_r2_4224_4287_6_6 |     0.005 |
|   in_ram_reg_r2_4224_4287_7_7 |     0.004 |
|   in_ram_reg_r2_4288_4351_0_2 |     0.007 |
|   in_ram_reg_r2_4288_4351_3_5 |     0.008 |
|   in_ram_reg_r2_4288_4351_6_6 |     0.005 |
|   in_ram_reg_r2_4288_4351_7_7 |     0.004 |
|   in_ram_reg_r2_4352_4415_0_2 |     0.007 |
|   in_ram_reg_r2_4352_4415_3_5 |     0.007 |
|   in_ram_reg_r2_4352_4415_6_6 |     0.004 |
|   in_ram_reg_r2_4352_4415_7_7 |     0.005 |
|   in_ram_reg_r2_4416_4479_0_2 |     0.008 |
|   in_ram_reg_r2_4416_4479_3_5 |     0.009 |
|   in_ram_reg_r2_4416_4479_6_6 |     0.005 |
|   in_ram_reg_r2_4416_4479_7_7 |     0.005 |
|   in_ram_reg_r2_4480_4543_0_2 |     0.009 |
|   in_ram_reg_r2_4480_4543_3_5 |     0.008 |
|   in_ram_reg_r2_4480_4543_6_6 |     0.005 |
|   in_ram_reg_r2_4480_4543_7_7 |     0.004 |
|   in_ram_reg_r2_448_511_0_2   |     0.008 |
|   in_ram_reg_r2_448_511_3_5   |     0.008 |
|   in_ram_reg_r2_448_511_6_6   |     0.004 |
|   in_ram_reg_r2_448_511_7_7   |     0.006 |
|   in_ram_reg_r2_4544_4607_0_2 |     0.008 |
|   in_ram_reg_r2_4544_4607_3_5 |     0.008 |
|   in_ram_reg_r2_4544_4607_6_6 |     0.004 |
|   in_ram_reg_r2_4544_4607_7_7 |     0.004 |
|   in_ram_reg_r2_4608_4671_0_2 |     0.008 |
|   in_ram_reg_r2_4608_4671_3_5 |     0.007 |
|   in_ram_reg_r2_4608_4671_6_6 |     0.004 |
|   in_ram_reg_r2_4608_4671_7_7 |     0.004 |
|   in_ram_reg_r2_4672_4735_0_2 |     0.009 |
|   in_ram_reg_r2_4672_4735_3_5 |     0.008 |
|   in_ram_reg_r2_4672_4735_6_6 |     0.005 |
|   in_ram_reg_r2_4672_4735_7_7 |     0.005 |
|   in_ram_reg_r2_4736_4799_0_2 |     0.008 |
|   in_ram_reg_r2_4736_4799_3_5 |     0.009 |
|   in_ram_reg_r2_4736_4799_6_6 |     0.005 |
|   in_ram_reg_r2_4736_4799_7_7 |     0.005 |
|   in_ram_reg_r2_4800_4863_0_2 |     0.007 |
|   in_ram_reg_r2_4800_4863_3_5 |     0.007 |
|   in_ram_reg_r2_4800_4863_6_6 |     0.004 |
|   in_ram_reg_r2_4800_4863_7_7 |     0.004 |
|   in_ram_reg_r2_4864_4927_0_2 |     0.009 |
|   in_ram_reg_r2_4864_4927_3_5 |     0.007 |
|   in_ram_reg_r2_4864_4927_6_6 |     0.004 |
|   in_ram_reg_r2_4864_4927_7_7 |     0.004 |
|   in_ram_reg_r2_4928_4991_0_2 |     0.008 |
|   in_ram_reg_r2_4928_4991_3_5 |     0.007 |
|   in_ram_reg_r2_4928_4991_6_6 |     0.004 |
|   in_ram_reg_r2_4928_4991_7_7 |     0.005 |
|   in_ram_reg_r2_4992_5055_0_2 |     0.008 |
|   in_ram_reg_r2_4992_5055_3_5 |     0.007 |
|   in_ram_reg_r2_4992_5055_6_6 |     0.004 |
|   in_ram_reg_r2_4992_5055_7_7 |     0.004 |
|   in_ram_reg_r2_512_575_0_2   |     0.008 |
|   in_ram_reg_r2_512_575_3_5   |     0.009 |
|   in_ram_reg_r2_512_575_6_6   |     0.004 |
|   in_ram_reg_r2_512_575_7_7   |     0.007 |
|   in_ram_reg_r2_576_639_0_2   |     0.008 |
|   in_ram_reg_r2_576_639_3_5   |     0.009 |
|   in_ram_reg_r2_576_639_6_6   |     0.008 |
|   in_ram_reg_r2_576_639_7_7   |     0.007 |
|   in_ram_reg_r2_640_703_0_2   |     0.009 |
|   in_ram_reg_r2_640_703_3_5   |     0.010 |
|   in_ram_reg_r2_640_703_6_6   |     0.009 |
|   in_ram_reg_r2_640_703_7_7   |     0.006 |
|   in_ram_reg_r2_64_127_0_2    |     0.009 |
|   in_ram_reg_r2_64_127_3_5    |     0.008 |
|   in_ram_reg_r2_64_127_6_6    |     0.004 |
|   in_ram_reg_r2_64_127_7_7    |     0.006 |
|   in_ram_reg_r2_704_767_0_2   |     0.008 |
|   in_ram_reg_r2_704_767_3_5   |     0.008 |
|   in_ram_reg_r2_704_767_6_6   |     0.005 |
|   in_ram_reg_r2_704_767_7_7   |     0.006 |
|   in_ram_reg_r2_768_831_0_2   |     0.009 |
|   in_ram_reg_r2_768_831_3_5   |     0.007 |
|   in_ram_reg_r2_768_831_6_6   |     0.009 |
|   in_ram_reg_r2_768_831_7_7   |     0.006 |
|   in_ram_reg_r2_832_895_0_2   |     0.010 |
|   in_ram_reg_r2_832_895_3_5   |     0.008 |
|   in_ram_reg_r2_832_895_6_6   |     0.009 |
|   in_ram_reg_r2_832_895_7_7   |     0.006 |
|   in_ram_reg_r2_896_959_0_2   |     0.008 |
|   in_ram_reg_r2_896_959_3_5   |     0.008 |
|   in_ram_reg_r2_896_959_6_6   |     0.006 |
|   in_ram_reg_r2_896_959_7_7   |     0.006 |
|   in_ram_reg_r2_960_1023_0_2  |     0.009 |
|   in_ram_reg_r2_960_1023_3_5  |     0.009 |
|   in_ram_reg_r2_960_1023_6_6  |     0.008 |
|   in_ram_reg_r2_960_1023_7_7  |     0.006 |
|   in_ram_reg_r3_0_63_0_2      |     0.008 |
|   in_ram_reg_r3_0_63_3_5      |     0.008 |
|   in_ram_reg_r3_0_63_6_6      |     0.005 |
|   in_ram_reg_r3_0_63_7_7      |     0.005 |
|   in_ram_reg_r3_1024_1087_0_2 |     0.010 |
|   in_ram_reg_r3_1024_1087_3_5 |     0.009 |
|   in_ram_reg_r3_1024_1087_6_6 |     0.005 |
|   in_ram_reg_r3_1024_1087_7_7 |     0.005 |
|   in_ram_reg_r3_1088_1151_0_2 |     0.009 |
|   in_ram_reg_r3_1088_1151_3_5 |     0.009 |
|   in_ram_reg_r3_1088_1151_6_6 |     0.006 |
|   in_ram_reg_r3_1088_1151_7_7 |     0.005 |
|   in_ram_reg_r3_1152_1215_0_2 |     0.009 |
|   in_ram_reg_r3_1152_1215_3_5 |     0.008 |
|   in_ram_reg_r3_1152_1215_6_6 |     0.006 |
|   in_ram_reg_r3_1152_1215_7_7 |     0.006 |
|   in_ram_reg_r3_1216_1279_0_2 |     0.009 |
|   in_ram_reg_r3_1216_1279_3_5 |     0.009 |
|   in_ram_reg_r3_1216_1279_6_6 |     0.005 |
|   in_ram_reg_r3_1216_1279_7_7 |     0.006 |
|   in_ram_reg_r3_1280_1343_0_2 |     0.007 |
|   in_ram_reg_r3_1280_1343_3_5 |     0.009 |
|   in_ram_reg_r3_1280_1343_6_6 |     0.005 |
|   in_ram_reg_r3_1280_1343_7_7 |     0.005 |
|   in_ram_reg_r3_128_191_0_2   |     0.009 |
|   in_ram_reg_r3_128_191_3_5   |     0.008 |
|   in_ram_reg_r3_128_191_6_6   |     0.004 |
|   in_ram_reg_r3_128_191_7_7   |     0.004 |
|   in_ram_reg_r3_1344_1407_0_2 |     0.008 |
|   in_ram_reg_r3_1344_1407_3_5 |     0.008 |
|   in_ram_reg_r3_1344_1407_6_6 |     0.005 |
|   in_ram_reg_r3_1344_1407_7_7 |     0.005 |
|   in_ram_reg_r3_1408_1471_0_2 |     0.008 |
|   in_ram_reg_r3_1408_1471_3_5 |     0.008 |
|   in_ram_reg_r3_1408_1471_6_6 |     0.005 |
|   in_ram_reg_r3_1408_1471_7_7 |     0.005 |
|   in_ram_reg_r3_1472_1535_0_2 |     0.009 |
|   in_ram_reg_r3_1472_1535_3_5 |     0.007 |
|   in_ram_reg_r3_1472_1535_6_6 |     0.005 |
|   in_ram_reg_r3_1472_1535_7_7 |     0.005 |
|   in_ram_reg_r3_1536_1599_0_2 |     0.008 |
|   in_ram_reg_r3_1536_1599_3_5 |     0.007 |
|   in_ram_reg_r3_1536_1599_6_6 |     0.007 |
|   in_ram_reg_r3_1536_1599_7_7 |     0.006 |
|   in_ram_reg_r3_1600_1663_0_2 |     0.008 |
|   in_ram_reg_r3_1600_1663_3_5 |     0.010 |
|   in_ram_reg_r3_1600_1663_6_6 |     0.005 |
|   in_ram_reg_r3_1600_1663_7_7 |     0.006 |
|   in_ram_reg_r3_1664_1727_0_2 |     0.008 |
|   in_ram_reg_r3_1664_1727_3_5 |     0.008 |
|   in_ram_reg_r3_1664_1727_6_6 |     0.006 |
|   in_ram_reg_r3_1664_1727_7_7 |     0.006 |
|   in_ram_reg_r3_1728_1791_0_2 |     0.009 |
|   in_ram_reg_r3_1728_1791_3_5 |     0.006 |
|   in_ram_reg_r3_1728_1791_6_6 |     0.005 |
|   in_ram_reg_r3_1728_1791_7_7 |     0.006 |
|   in_ram_reg_r3_1792_1855_0_2 |     0.009 |
|   in_ram_reg_r3_1792_1855_3_5 |     0.009 |
|   in_ram_reg_r3_1792_1855_6_6 |     0.005 |
|   in_ram_reg_r3_1792_1855_7_7 |     0.005 |
|   in_ram_reg_r3_1856_1919_0_2 |     0.009 |
|   in_ram_reg_r3_1856_1919_3_5 |     0.009 |
|   in_ram_reg_r3_1856_1919_6_6 |     0.005 |
|   in_ram_reg_r3_1856_1919_7_7 |     0.005 |
|   in_ram_reg_r3_1920_1983_0_2 |     0.006 |
|   in_ram_reg_r3_1920_1983_3_5 |     0.009 |
|   in_ram_reg_r3_1920_1983_6_6 |     0.005 |
|   in_ram_reg_r3_1920_1983_7_7 |     0.005 |
|   in_ram_reg_r3_192_255_0_2   |     0.010 |
|   in_ram_reg_r3_192_255_3_5   |     0.009 |
|   in_ram_reg_r3_192_255_6_6   |     0.005 |
|   in_ram_reg_r3_192_255_7_7   |     0.004 |
|   in_ram_reg_r3_1984_2047_0_2 |     0.009 |
|   in_ram_reg_r3_1984_2047_3_5 |     0.008 |
|   in_ram_reg_r3_1984_2047_6_6 |     0.005 |
|   in_ram_reg_r3_1984_2047_7_7 |     0.005 |
|   in_ram_reg_r3_2048_2111_0_2 |     0.009 |
|   in_ram_reg_r3_2048_2111_3_5 |     0.007 |
|   in_ram_reg_r3_2048_2111_6_6 |     0.004 |
|   in_ram_reg_r3_2048_2111_7_7 |     0.004 |
|   in_ram_reg_r3_2112_2175_0_2 |     0.008 |
|   in_ram_reg_r3_2112_2175_3_5 |     0.009 |
|   in_ram_reg_r3_2112_2175_6_6 |     0.004 |
|   in_ram_reg_r3_2112_2175_7_7 |     0.004 |
|   in_ram_reg_r3_2176_2239_0_2 |     0.009 |
|   in_ram_reg_r3_2176_2239_3_5 |     0.007 |
|   in_ram_reg_r3_2176_2239_6_6 |     0.005 |
|   in_ram_reg_r3_2176_2239_7_7 |     0.005 |
|   in_ram_reg_r3_2240_2303_0_2 |     0.008 |
|   in_ram_reg_r3_2240_2303_3_5 |     0.010 |
|   in_ram_reg_r3_2240_2303_6_6 |     0.005 |
|   in_ram_reg_r3_2240_2303_7_7 |     0.004 |
|   in_ram_reg_r3_2304_2367_0_2 |     0.008 |
|   in_ram_reg_r3_2304_2367_3_5 |     0.009 |
|   in_ram_reg_r3_2304_2367_6_6 |     0.004 |
|   in_ram_reg_r3_2304_2367_7_7 |     0.004 |
|   in_ram_reg_r3_2368_2431_0_2 |     0.007 |
|   in_ram_reg_r3_2368_2431_3_5 |     0.009 |
|   in_ram_reg_r3_2368_2431_6_6 |     0.005 |
|   in_ram_reg_r3_2368_2431_7_7 |     0.005 |
|   in_ram_reg_r3_2432_2495_0_2 |     0.007 |
|   in_ram_reg_r3_2432_2495_3_5 |     0.009 |
|   in_ram_reg_r3_2432_2495_6_6 |     0.004 |
|   in_ram_reg_r3_2432_2495_7_7 |     0.004 |
|   in_ram_reg_r3_2496_2559_0_2 |     0.007 |
|   in_ram_reg_r3_2496_2559_3_5 |     0.009 |
|   in_ram_reg_r3_2496_2559_6_6 |     0.005 |
|   in_ram_reg_r3_2496_2559_7_7 |     0.005 |
|   in_ram_reg_r3_2560_2623_0_2 |     0.008 |
|   in_ram_reg_r3_2560_2623_3_5 |     0.008 |
|   in_ram_reg_r3_2560_2623_6_6 |     0.005 |
|   in_ram_reg_r3_2560_2623_7_7 |     0.005 |
|   in_ram_reg_r3_256_319_0_2   |     0.007 |
|   in_ram_reg_r3_256_319_3_5   |     0.009 |
|   in_ram_reg_r3_256_319_6_6   |     0.005 |
|   in_ram_reg_r3_256_319_7_7   |     0.005 |
|   in_ram_reg_r3_2624_2687_0_2 |     0.009 |
|   in_ram_reg_r3_2624_2687_3_5 |     0.009 |
|   in_ram_reg_r3_2624_2687_6_6 |     0.004 |
|   in_ram_reg_r3_2624_2687_7_7 |     0.005 |
|   in_ram_reg_r3_2688_2751_0_2 |     0.009 |
|   in_ram_reg_r3_2688_2751_3_5 |     0.010 |
|   in_ram_reg_r3_2688_2751_6_6 |     0.004 |
|   in_ram_reg_r3_2688_2751_7_7 |     0.004 |
|   in_ram_reg_r3_2752_2815_0_2 |     0.009 |
|   in_ram_reg_r3_2752_2815_3_5 |     0.009 |
|   in_ram_reg_r3_2752_2815_6_6 |     0.005 |
|   in_ram_reg_r3_2752_2815_7_7 |     0.005 |
|   in_ram_reg_r3_2816_2879_0_2 |     0.008 |
|   in_ram_reg_r3_2816_2879_3_5 |     0.009 |
|   in_ram_reg_r3_2816_2879_6_6 |     0.005 |
|   in_ram_reg_r3_2816_2879_7_7 |     0.004 |
|   in_ram_reg_r3_2880_2943_0_2 |     0.010 |
|   in_ram_reg_r3_2880_2943_3_5 |     0.009 |
|   in_ram_reg_r3_2880_2943_6_6 |     0.004 |
|   in_ram_reg_r3_2880_2943_7_7 |     0.004 |
|   in_ram_reg_r3_2944_3007_0_2 |     0.009 |
|   in_ram_reg_r3_2944_3007_3_5 |     0.011 |
|   in_ram_reg_r3_2944_3007_6_6 |     0.005 |
|   in_ram_reg_r3_2944_3007_7_7 |     0.005 |
|   in_ram_reg_r3_3008_3071_0_2 |     0.009 |
|   in_ram_reg_r3_3008_3071_3_5 |     0.010 |
|   in_ram_reg_r3_3008_3071_6_6 |     0.005 |
|   in_ram_reg_r3_3008_3071_7_7 |     0.005 |
|   in_ram_reg_r3_3072_3135_0_2 |     0.008 |
|   in_ram_reg_r3_3072_3135_3_5 |     0.010 |
|   in_ram_reg_r3_3072_3135_6_6 |     0.005 |
|   in_ram_reg_r3_3072_3135_7_7 |     0.005 |
|   in_ram_reg_r3_3136_3199_0_2 |     0.009 |
|   in_ram_reg_r3_3136_3199_3_5 |     0.007 |
|   in_ram_reg_r3_3136_3199_6_6 |     0.004 |
|   in_ram_reg_r3_3136_3199_7_7 |     0.004 |
|   in_ram_reg_r3_3200_3263_0_2 |     0.009 |
|   in_ram_reg_r3_3200_3263_3_5 |     0.008 |
|   in_ram_reg_r3_3200_3263_6_6 |     0.004 |
|   in_ram_reg_r3_3200_3263_7_7 |     0.004 |
|   in_ram_reg_r3_320_383_0_2   |     0.009 |
|   in_ram_reg_r3_320_383_3_5   |     0.008 |
|   in_ram_reg_r3_320_383_6_6   |     0.005 |
|   in_ram_reg_r3_320_383_7_7   |     0.005 |
|   in_ram_reg_r3_3264_3327_0_2 |     0.007 |
|   in_ram_reg_r3_3264_3327_3_5 |     0.009 |
|   in_ram_reg_r3_3264_3327_6_6 |     0.005 |
|   in_ram_reg_r3_3264_3327_7_7 |     0.005 |
|   in_ram_reg_r3_3328_3391_0_2 |     0.009 |
|   in_ram_reg_r3_3328_3391_3_5 |     0.009 |
|   in_ram_reg_r3_3328_3391_6_6 |     0.004 |
|   in_ram_reg_r3_3328_3391_7_7 |     0.004 |
|   in_ram_reg_r3_3392_3455_0_2 |     0.007 |
|   in_ram_reg_r3_3392_3455_3_5 |     0.008 |
|   in_ram_reg_r3_3392_3455_6_6 |     0.004 |
|   in_ram_reg_r3_3392_3455_7_7 |     0.004 |
|   in_ram_reg_r3_3456_3519_0_2 |     0.009 |
|   in_ram_reg_r3_3456_3519_3_5 |     0.008 |
|   in_ram_reg_r3_3456_3519_6_6 |     0.004 |
|   in_ram_reg_r3_3456_3519_7_7 |     0.004 |
|   in_ram_reg_r3_3520_3583_0_2 |     0.010 |
|   in_ram_reg_r3_3520_3583_3_5 |     0.008 |
|   in_ram_reg_r3_3520_3583_6_6 |     0.004 |
|   in_ram_reg_r3_3520_3583_7_7 |     0.004 |
|   in_ram_reg_r3_3584_3647_0_2 |     0.008 |
|   in_ram_reg_r3_3584_3647_3_5 |     0.008 |
|   in_ram_reg_r3_3584_3647_6_6 |     0.004 |
|   in_ram_reg_r3_3584_3647_7_7 |     0.004 |
|   in_ram_reg_r3_3648_3711_0_2 |     0.008 |
|   in_ram_reg_r3_3648_3711_3_5 |     0.008 |
|   in_ram_reg_r3_3648_3711_6_6 |     0.005 |
|   in_ram_reg_r3_3648_3711_7_7 |     0.004 |
|   in_ram_reg_r3_3712_3775_0_2 |     0.010 |
|   in_ram_reg_r3_3712_3775_3_5 |     0.008 |
|   in_ram_reg_r3_3712_3775_6_6 |     0.004 |
|   in_ram_reg_r3_3712_3775_7_7 |     0.004 |
|   in_ram_reg_r3_3776_3839_0_2 |     0.008 |
|   in_ram_reg_r3_3776_3839_3_5 |     0.009 |
|   in_ram_reg_r3_3776_3839_6_6 |     0.005 |
|   in_ram_reg_r3_3776_3839_7_7 |     0.004 |
|   in_ram_reg_r3_3840_3903_0_2 |     0.011 |
|   in_ram_reg_r3_3840_3903_3_5 |     0.009 |
|   in_ram_reg_r3_3840_3903_6_6 |     0.005 |
|   in_ram_reg_r3_3840_3903_7_7 |     0.005 |
|   in_ram_reg_r3_384_447_0_2   |     0.007 |
|   in_ram_reg_r3_384_447_3_5   |     0.008 |
|   in_ram_reg_r3_384_447_6_6   |     0.005 |
|   in_ram_reg_r3_384_447_7_7   |     0.005 |
|   in_ram_reg_r3_3904_3967_0_2 |     0.008 |
|   in_ram_reg_r3_3904_3967_3_5 |     0.009 |
|   in_ram_reg_r3_3904_3967_6_6 |     0.006 |
|   in_ram_reg_r3_3904_3967_7_7 |     0.006 |
|   in_ram_reg_r3_3968_4031_0_2 |     0.009 |
|   in_ram_reg_r3_3968_4031_3_5 |     0.008 |
|   in_ram_reg_r3_3968_4031_6_6 |     0.005 |
|   in_ram_reg_r3_3968_4031_7_7 |     0.005 |
|   in_ram_reg_r3_4032_4095_0_2 |     0.010 |
|   in_ram_reg_r3_4032_4095_3_5 |     0.009 |
|   in_ram_reg_r3_4032_4095_6_6 |     0.005 |
|   in_ram_reg_r3_4032_4095_7_7 |     0.005 |
|   in_ram_reg_r3_4096_4159_0_2 |     0.008 |
|   in_ram_reg_r3_4096_4159_3_5 |     0.009 |
|   in_ram_reg_r3_4096_4159_6_6 |     0.005 |
|   in_ram_reg_r3_4096_4159_7_7 |     0.005 |
|   in_ram_reg_r3_4160_4223_0_2 |     0.009 |
|   in_ram_reg_r3_4160_4223_3_5 |     0.007 |
|   in_ram_reg_r3_4160_4223_6_6 |     0.004 |
|   in_ram_reg_r3_4160_4223_7_7 |     0.005 |
|   in_ram_reg_r3_4224_4287_0_2 |     0.008 |
|   in_ram_reg_r3_4224_4287_3_5 |     0.008 |
|   in_ram_reg_r3_4224_4287_6_6 |     0.004 |
|   in_ram_reg_r3_4224_4287_7_7 |     0.004 |
|   in_ram_reg_r3_4288_4351_0_2 |     0.008 |
|   in_ram_reg_r3_4288_4351_3_5 |     0.007 |
|   in_ram_reg_r3_4288_4351_6_6 |     0.005 |
|   in_ram_reg_r3_4288_4351_7_7 |     0.004 |
|   in_ram_reg_r3_4352_4415_0_2 |     0.009 |
|   in_ram_reg_r3_4352_4415_3_5 |     0.007 |
|   in_ram_reg_r3_4352_4415_6_6 |     0.004 |
|   in_ram_reg_r3_4352_4415_7_7 |     0.004 |
|   in_ram_reg_r3_4416_4479_0_2 |     0.010 |
|   in_ram_reg_r3_4416_4479_3_5 |     0.007 |
|   in_ram_reg_r3_4416_4479_6_6 |     0.004 |
|   in_ram_reg_r3_4416_4479_7_7 |     0.004 |
|   in_ram_reg_r3_4480_4543_0_2 |     0.009 |
|   in_ram_reg_r3_4480_4543_3_5 |     0.007 |
|   in_ram_reg_r3_4480_4543_6_6 |     0.005 |
|   in_ram_reg_r3_4480_4543_7_7 |     0.005 |
|   in_ram_reg_r3_448_511_0_2   |     0.010 |
|   in_ram_reg_r3_448_511_3_5   |     0.010 |
|   in_ram_reg_r3_448_511_6_6   |     0.004 |
|   in_ram_reg_r3_448_511_7_7   |     0.004 |
|   in_ram_reg_r3_4544_4607_0_2 |     0.007 |
|   in_ram_reg_r3_4544_4607_3_5 |     0.010 |
|   in_ram_reg_r3_4544_4607_6_6 |     0.005 |
|   in_ram_reg_r3_4544_4607_7_7 |     0.004 |
|   in_ram_reg_r3_4608_4671_0_2 |     0.008 |
|   in_ram_reg_r3_4608_4671_3_5 |     0.007 |
|   in_ram_reg_r3_4608_4671_6_6 |     0.004 |
|   in_ram_reg_r3_4608_4671_7_7 |     0.006 |
|   in_ram_reg_r3_4672_4735_0_2 |     0.008 |
|   in_ram_reg_r3_4672_4735_3_5 |     0.008 |
|   in_ram_reg_r3_4672_4735_6_6 |     0.005 |
|   in_ram_reg_r3_4672_4735_7_7 |     0.004 |
|   in_ram_reg_r3_4736_4799_0_2 |     0.007 |
|   in_ram_reg_r3_4736_4799_3_5 |     0.006 |
|   in_ram_reg_r3_4736_4799_6_6 |     0.004 |
|   in_ram_reg_r3_4736_4799_7_7 |     0.005 |
|   in_ram_reg_r3_4800_4863_0_2 |     0.009 |
|   in_ram_reg_r3_4800_4863_3_5 |     0.007 |
|   in_ram_reg_r3_4800_4863_6_6 |     0.005 |
|   in_ram_reg_r3_4800_4863_7_7 |     0.005 |
|   in_ram_reg_r3_4864_4927_0_2 |     0.008 |
|   in_ram_reg_r3_4864_4927_3_5 |     0.009 |
|   in_ram_reg_r3_4864_4927_6_6 |     0.005 |
|   in_ram_reg_r3_4864_4927_7_7 |     0.005 |
|   in_ram_reg_r3_4928_4991_0_2 |     0.007 |
|   in_ram_reg_r3_4928_4991_3_5 |     0.009 |
|   in_ram_reg_r3_4928_4991_6_6 |     0.006 |
|   in_ram_reg_r3_4928_4991_7_7 |     0.004 |
|   in_ram_reg_r3_4992_5055_0_2 |     0.007 |
|   in_ram_reg_r3_4992_5055_3_5 |     0.007 |
|   in_ram_reg_r3_4992_5055_6_6 |     0.005 |
|   in_ram_reg_r3_4992_5055_7_7 |     0.006 |
|   in_ram_reg_r3_512_575_0_2   |     0.008 |
|   in_ram_reg_r3_512_575_3_5   |     0.009 |
|   in_ram_reg_r3_512_575_6_6   |     0.004 |
|   in_ram_reg_r3_512_575_7_7   |     0.004 |
|   in_ram_reg_r3_576_639_0_2   |     0.008 |
|   in_ram_reg_r3_576_639_3_5   |     0.007 |
|   in_ram_reg_r3_576_639_6_6   |     0.004 |
|   in_ram_reg_r3_576_639_7_7   |     0.005 |
|   in_ram_reg_r3_640_703_0_2   |     0.007 |
|   in_ram_reg_r3_640_703_3_5   |     0.010 |
|   in_ram_reg_r3_640_703_6_6   |     0.004 |
|   in_ram_reg_r3_640_703_7_7   |     0.005 |
|   in_ram_reg_r3_64_127_0_2    |     0.007 |
|   in_ram_reg_r3_64_127_3_5    |     0.007 |
|   in_ram_reg_r3_64_127_6_6    |     0.004 |
|   in_ram_reg_r3_64_127_7_7    |     0.004 |
|   in_ram_reg_r3_704_767_0_2   |     0.009 |
|   in_ram_reg_r3_704_767_3_5   |     0.009 |
|   in_ram_reg_r3_704_767_6_6   |     0.005 |
|   in_ram_reg_r3_704_767_7_7   |     0.004 |
|   in_ram_reg_r3_768_831_0_2   |     0.008 |
|   in_ram_reg_r3_768_831_3_5   |     0.008 |
|   in_ram_reg_r3_768_831_6_6   |     0.004 |
|   in_ram_reg_r3_768_831_7_7   |     0.004 |
|   in_ram_reg_r3_832_895_0_2   |     0.006 |
|   in_ram_reg_r3_832_895_3_5   |     0.009 |
|   in_ram_reg_r3_832_895_6_6   |     0.005 |
|   in_ram_reg_r3_832_895_7_7   |     0.004 |
|   in_ram_reg_r3_896_959_0_2   |     0.009 |
|   in_ram_reg_r3_896_959_3_5   |     0.010 |
|   in_ram_reg_r3_896_959_6_6   |     0.005 |
|   in_ram_reg_r3_896_959_7_7   |     0.004 |
|   in_ram_reg_r3_960_1023_0_2  |     0.008 |
|   in_ram_reg_r3_960_1023_3_5  |     0.009 |
|   in_ram_reg_r3_960_1023_6_6  |     0.004 |
|   in_ram_reg_r3_960_1023_7_7  |     0.005 |
|   in_ram_reg_r4_0_63_0_2      |     0.012 |
|   in_ram_reg_r4_0_63_3_5      |     0.010 |
|   in_ram_reg_r4_0_63_6_6      |     0.005 |
|   in_ram_reg_r4_0_63_7_7      |     0.005 |
|   in_ram_reg_r4_1024_1087_0_2 |     0.009 |
|   in_ram_reg_r4_1024_1087_3_5 |     0.009 |
|   in_ram_reg_r4_1024_1087_6_6 |     0.004 |
|   in_ram_reg_r4_1024_1087_7_7 |     0.005 |
|   in_ram_reg_r4_1088_1151_0_2 |     0.010 |
|   in_ram_reg_r4_1088_1151_3_5 |     0.008 |
|   in_ram_reg_r4_1088_1151_6_6 |     0.006 |
|   in_ram_reg_r4_1088_1151_7_7 |     0.005 |
|   in_ram_reg_r4_1152_1215_0_2 |     0.008 |
|   in_ram_reg_r4_1152_1215_3_5 |     0.009 |
|   in_ram_reg_r4_1152_1215_6_6 |     0.006 |
|   in_ram_reg_r4_1152_1215_7_7 |     0.006 |
|   in_ram_reg_r4_1216_1279_0_2 |     0.010 |
|   in_ram_reg_r4_1216_1279_3_5 |     0.009 |
|   in_ram_reg_r4_1216_1279_6_6 |     0.004 |
|   in_ram_reg_r4_1216_1279_7_7 |     0.005 |
|   in_ram_reg_r4_1280_1343_0_2 |     0.009 |
|   in_ram_reg_r4_1280_1343_3_5 |     0.008 |
|   in_ram_reg_r4_1280_1343_6_6 |     0.004 |
|   in_ram_reg_r4_1280_1343_7_7 |     0.004 |
|   in_ram_reg_r4_128_191_0_2   |     0.011 |
|   in_ram_reg_r4_128_191_3_5   |     0.009 |
|   in_ram_reg_r4_128_191_6_6   |     0.004 |
|   in_ram_reg_r4_128_191_7_7   |     0.006 |
|   in_ram_reg_r4_1344_1407_0_2 |     0.009 |
|   in_ram_reg_r4_1344_1407_3_5 |     0.010 |
|   in_ram_reg_r4_1344_1407_6_6 |     0.006 |
|   in_ram_reg_r4_1344_1407_7_7 |     0.005 |
|   in_ram_reg_r4_1408_1471_0_2 |     0.009 |
|   in_ram_reg_r4_1408_1471_3_5 |     0.009 |
|   in_ram_reg_r4_1408_1471_6_6 |     0.004 |
|   in_ram_reg_r4_1408_1471_7_7 |     0.004 |
|   in_ram_reg_r4_1472_1535_0_2 |     0.007 |
|   in_ram_reg_r4_1472_1535_3_5 |     0.009 |
|   in_ram_reg_r4_1472_1535_6_6 |     0.005 |
|   in_ram_reg_r4_1472_1535_7_7 |     0.005 |
|   in_ram_reg_r4_1536_1599_0_2 |     0.008 |
|   in_ram_reg_r4_1536_1599_3_5 |     0.008 |
|   in_ram_reg_r4_1536_1599_6_6 |     0.005 |
|   in_ram_reg_r4_1536_1599_7_7 |     0.005 |
|   in_ram_reg_r4_1600_1663_0_2 |     0.011 |
|   in_ram_reg_r4_1600_1663_3_5 |     0.011 |
|   in_ram_reg_r4_1600_1663_6_6 |     0.005 |
|   in_ram_reg_r4_1600_1663_7_7 |     0.005 |
|   in_ram_reg_r4_1664_1727_0_2 |     0.010 |
|   in_ram_reg_r4_1664_1727_3_5 |     0.010 |
|   in_ram_reg_r4_1664_1727_6_6 |     0.004 |
|   in_ram_reg_r4_1664_1727_7_7 |     0.005 |
|   in_ram_reg_r4_1728_1791_0_2 |     0.016 |
|   in_ram_reg_r4_1728_1791_3_5 |     0.009 |
|   in_ram_reg_r4_1728_1791_6_6 |     0.005 |
|   in_ram_reg_r4_1728_1791_7_7 |     0.005 |
|   in_ram_reg_r4_1792_1855_0_2 |     0.009 |
|   in_ram_reg_r4_1792_1855_3_5 |     0.010 |
|   in_ram_reg_r4_1792_1855_6_6 |     0.004 |
|   in_ram_reg_r4_1792_1855_7_7 |     0.005 |
|   in_ram_reg_r4_1856_1919_0_2 |     0.016 |
|   in_ram_reg_r4_1856_1919_3_5 |     0.010 |
|   in_ram_reg_r4_1856_1919_6_6 |     0.004 |
|   in_ram_reg_r4_1856_1919_7_7 |     0.004 |
|   in_ram_reg_r4_1920_1983_0_2 |     0.015 |
|   in_ram_reg_r4_1920_1983_3_5 |     0.009 |
|   in_ram_reg_r4_1920_1983_6_6 |     0.005 |
|   in_ram_reg_r4_1920_1983_7_7 |     0.005 |
|   in_ram_reg_r4_192_255_0_2   |     0.008 |
|   in_ram_reg_r4_192_255_3_5   |     0.008 |
|   in_ram_reg_r4_192_255_6_6   |     0.005 |
|   in_ram_reg_r4_192_255_7_7   |     0.005 |
|   in_ram_reg_r4_1984_2047_0_2 |     0.016 |
|   in_ram_reg_r4_1984_2047_3_5 |     0.009 |
|   in_ram_reg_r4_1984_2047_6_6 |     0.005 |
|   in_ram_reg_r4_1984_2047_7_7 |     0.005 |
|   in_ram_reg_r4_2048_2111_0_2 |     0.008 |
|   in_ram_reg_r4_2048_2111_3_5 |     0.010 |
|   in_ram_reg_r4_2048_2111_6_6 |     0.005 |
|   in_ram_reg_r4_2048_2111_7_7 |     0.005 |
|   in_ram_reg_r4_2112_2175_0_2 |     0.007 |
|   in_ram_reg_r4_2112_2175_3_5 |     0.009 |
|   in_ram_reg_r4_2112_2175_6_6 |     0.005 |
|   in_ram_reg_r4_2112_2175_7_7 |     0.005 |
|   in_ram_reg_r4_2176_2239_0_2 |     0.009 |
|   in_ram_reg_r4_2176_2239_3_5 |     0.008 |
|   in_ram_reg_r4_2176_2239_6_6 |     0.004 |
|   in_ram_reg_r4_2176_2239_7_7 |     0.004 |
|   in_ram_reg_r4_2240_2303_0_2 |     0.009 |
|   in_ram_reg_r4_2240_2303_3_5 |     0.011 |
|   in_ram_reg_r4_2240_2303_6_6 |     0.005 |
|   in_ram_reg_r4_2240_2303_7_7 |     0.005 |
|   in_ram_reg_r4_2304_2367_0_2 |     0.008 |
|   in_ram_reg_r4_2304_2367_3_5 |     0.012 |
|   in_ram_reg_r4_2304_2367_6_6 |     0.005 |
|   in_ram_reg_r4_2304_2367_7_7 |     0.006 |
|   in_ram_reg_r4_2368_2431_0_2 |     0.009 |
|   in_ram_reg_r4_2368_2431_3_5 |     0.008 |
|   in_ram_reg_r4_2368_2431_6_6 |     0.004 |
|   in_ram_reg_r4_2368_2431_7_7 |     0.004 |
|   in_ram_reg_r4_2432_2495_0_2 |     0.009 |
|   in_ram_reg_r4_2432_2495_3_5 |     0.011 |
|   in_ram_reg_r4_2432_2495_6_6 |     0.006 |
|   in_ram_reg_r4_2432_2495_7_7 |     0.005 |
|   in_ram_reg_r4_2496_2559_0_2 |     0.008 |
|   in_ram_reg_r4_2496_2559_3_5 |     0.009 |
|   in_ram_reg_r4_2496_2559_6_6 |     0.004 |
|   in_ram_reg_r4_2496_2559_7_7 |     0.005 |
|   in_ram_reg_r4_2560_2623_0_2 |     0.009 |
|   in_ram_reg_r4_2560_2623_3_5 |     0.009 |
|   in_ram_reg_r4_2560_2623_6_6 |     0.004 |
|   in_ram_reg_r4_2560_2623_7_7 |     0.004 |
|   in_ram_reg_r4_256_319_0_2   |     0.011 |
|   in_ram_reg_r4_256_319_3_5   |     0.009 |
|   in_ram_reg_r4_256_319_6_6   |     0.004 |
|   in_ram_reg_r4_256_319_7_7   |     0.005 |
|   in_ram_reg_r4_2624_2687_0_2 |     0.008 |
|   in_ram_reg_r4_2624_2687_3_5 |     0.008 |
|   in_ram_reg_r4_2624_2687_6_6 |     0.005 |
|   in_ram_reg_r4_2624_2687_7_7 |     0.004 |
|   in_ram_reg_r4_2688_2751_0_2 |     0.008 |
|   in_ram_reg_r4_2688_2751_3_5 |     0.008 |
|   in_ram_reg_r4_2688_2751_6_6 |     0.005 |
|   in_ram_reg_r4_2688_2751_7_7 |     0.005 |
|   in_ram_reg_r4_2752_2815_0_2 |     0.008 |
|   in_ram_reg_r4_2752_2815_3_5 |     0.007 |
|   in_ram_reg_r4_2752_2815_6_6 |     0.004 |
|   in_ram_reg_r4_2752_2815_7_7 |     0.004 |
|   in_ram_reg_r4_2816_2879_0_2 |     0.009 |
|   in_ram_reg_r4_2816_2879_3_5 |     0.007 |
|   in_ram_reg_r4_2816_2879_6_6 |     0.004 |
|   in_ram_reg_r4_2816_2879_7_7 |     0.004 |
|   in_ram_reg_r4_2880_2943_0_2 |     0.011 |
|   in_ram_reg_r4_2880_2943_3_5 |     0.008 |
|   in_ram_reg_r4_2880_2943_6_6 |     0.004 |
|   in_ram_reg_r4_2880_2943_7_7 |     0.005 |
|   in_ram_reg_r4_2944_3007_0_2 |     0.010 |
|   in_ram_reg_r4_2944_3007_3_5 |     0.010 |
|   in_ram_reg_r4_2944_3007_6_6 |     0.005 |
|   in_ram_reg_r4_2944_3007_7_7 |     0.004 |
|   in_ram_reg_r4_3008_3071_0_2 |     0.008 |
|   in_ram_reg_r4_3008_3071_3_5 |     0.008 |
|   in_ram_reg_r4_3008_3071_6_6 |     0.004 |
|   in_ram_reg_r4_3008_3071_7_7 |     0.004 |
|   in_ram_reg_r4_3072_3135_0_2 |     0.009 |
|   in_ram_reg_r4_3072_3135_3_5 |     0.009 |
|   in_ram_reg_r4_3072_3135_6_6 |     0.005 |
|   in_ram_reg_r4_3072_3135_7_7 |     0.005 |
|   in_ram_reg_r4_3136_3199_0_2 |     0.009 |
|   in_ram_reg_r4_3136_3199_3_5 |     0.007 |
|   in_ram_reg_r4_3136_3199_6_6 |     0.005 |
|   in_ram_reg_r4_3136_3199_7_7 |     0.004 |
|   in_ram_reg_r4_3200_3263_0_2 |     0.009 |
|   in_ram_reg_r4_3200_3263_3_5 |     0.010 |
|   in_ram_reg_r4_3200_3263_6_6 |     0.005 |
|   in_ram_reg_r4_3200_3263_7_7 |     0.005 |
|   in_ram_reg_r4_320_383_0_2   |     0.011 |
|   in_ram_reg_r4_320_383_3_5   |     0.009 |
|   in_ram_reg_r4_320_383_6_6   |     0.005 |
|   in_ram_reg_r4_320_383_7_7   |     0.004 |
|   in_ram_reg_r4_3264_3327_0_2 |     0.009 |
|   in_ram_reg_r4_3264_3327_3_5 |     0.008 |
|   in_ram_reg_r4_3264_3327_6_6 |     0.004 |
|   in_ram_reg_r4_3264_3327_7_7 |     0.005 |
|   in_ram_reg_r4_3328_3391_0_2 |     0.008 |
|   in_ram_reg_r4_3328_3391_3_5 |     0.009 |
|   in_ram_reg_r4_3328_3391_6_6 |     0.005 |
|   in_ram_reg_r4_3328_3391_7_7 |     0.005 |
|   in_ram_reg_r4_3392_3455_0_2 |     0.008 |
|   in_ram_reg_r4_3392_3455_3_5 |     0.009 |
|   in_ram_reg_r4_3392_3455_6_6 |     0.005 |
|   in_ram_reg_r4_3392_3455_7_7 |     0.005 |
|   in_ram_reg_r4_3456_3519_0_2 |     0.009 |
|   in_ram_reg_r4_3456_3519_3_5 |     0.009 |
|   in_ram_reg_r4_3456_3519_6_6 |     0.005 |
|   in_ram_reg_r4_3456_3519_7_7 |     0.005 |
|   in_ram_reg_r4_3520_3583_0_2 |     0.009 |
|   in_ram_reg_r4_3520_3583_3_5 |     0.009 |
|   in_ram_reg_r4_3520_3583_6_6 |     0.004 |
|   in_ram_reg_r4_3520_3583_7_7 |     0.005 |
|   in_ram_reg_r4_3584_3647_0_2 |     0.009 |
|   in_ram_reg_r4_3584_3647_3_5 |     0.010 |
|   in_ram_reg_r4_3584_3647_6_6 |     0.004 |
|   in_ram_reg_r4_3584_3647_7_7 |     0.006 |
|   in_ram_reg_r4_3648_3711_0_2 |     0.008 |
|   in_ram_reg_r4_3648_3711_3_5 |     0.010 |
|   in_ram_reg_r4_3648_3711_6_6 |     0.005 |
|   in_ram_reg_r4_3648_3711_7_7 |     0.004 |
|   in_ram_reg_r4_3712_3775_0_2 |     0.009 |
|   in_ram_reg_r4_3712_3775_3_5 |     0.010 |
|   in_ram_reg_r4_3712_3775_6_6 |     0.005 |
|   in_ram_reg_r4_3712_3775_7_7 |     0.005 |
|   in_ram_reg_r4_3776_3839_0_2 |     0.008 |
|   in_ram_reg_r4_3776_3839_3_5 |     0.006 |
|   in_ram_reg_r4_3776_3839_6_6 |     0.005 |
|   in_ram_reg_r4_3776_3839_7_7 |     0.004 |
|   in_ram_reg_r4_3840_3903_0_2 |     0.009 |
|   in_ram_reg_r4_3840_3903_3_5 |     0.008 |
|   in_ram_reg_r4_3840_3903_6_6 |     0.005 |
|   in_ram_reg_r4_3840_3903_7_7 |     0.004 |
|   in_ram_reg_r4_384_447_0_2   |     0.013 |
|   in_ram_reg_r4_384_447_3_5   |     0.013 |
|   in_ram_reg_r4_384_447_6_6   |     0.007 |
|   in_ram_reg_r4_384_447_7_7   |     0.007 |
|   in_ram_reg_r4_3904_3967_0_2 |     0.011 |
|   in_ram_reg_r4_3904_3967_3_5 |     0.007 |
|   in_ram_reg_r4_3904_3967_6_6 |     0.004 |
|   in_ram_reg_r4_3904_3967_7_7 |     0.005 |
|   in_ram_reg_r4_3968_4031_0_2 |     0.010 |
|   in_ram_reg_r4_3968_4031_3_5 |     0.009 |
|   in_ram_reg_r4_3968_4031_6_6 |     0.004 |
|   in_ram_reg_r4_3968_4031_7_7 |     0.004 |
|   in_ram_reg_r4_4032_4095_0_2 |     0.009 |
|   in_ram_reg_r4_4032_4095_3_5 |     0.008 |
|   in_ram_reg_r4_4032_4095_6_6 |     0.005 |
|   in_ram_reg_r4_4032_4095_7_7 |     0.005 |
|   in_ram_reg_r4_4096_4159_0_2 |     0.009 |
|   in_ram_reg_r4_4096_4159_3_5 |     0.007 |
|   in_ram_reg_r4_4096_4159_6_6 |     0.004 |
|   in_ram_reg_r4_4096_4159_7_7 |     0.004 |
|   in_ram_reg_r4_4160_4223_0_2 |     0.008 |
|   in_ram_reg_r4_4160_4223_3_5 |     0.008 |
|   in_ram_reg_r4_4160_4223_6_6 |     0.004 |
|   in_ram_reg_r4_4160_4223_7_7 |     0.006 |
|   in_ram_reg_r4_4224_4287_0_2 |     0.006 |
|   in_ram_reg_r4_4224_4287_3_5 |     0.010 |
|   in_ram_reg_r4_4224_4287_6_6 |     0.005 |
|   in_ram_reg_r4_4224_4287_7_7 |     0.005 |
|   in_ram_reg_r4_4288_4351_0_2 |     0.007 |
|   in_ram_reg_r4_4288_4351_3_5 |     0.010 |
|   in_ram_reg_r4_4288_4351_6_6 |     0.006 |
|   in_ram_reg_r4_4288_4351_7_7 |     0.007 |
|   in_ram_reg_r4_4352_4415_0_2 |     0.008 |
|   in_ram_reg_r4_4352_4415_3_5 |     0.010 |
|   in_ram_reg_r4_4352_4415_6_6 |     0.005 |
|   in_ram_reg_r4_4352_4415_7_7 |     0.005 |
|   in_ram_reg_r4_4416_4479_0_2 |     0.008 |
|   in_ram_reg_r4_4416_4479_3_5 |     0.007 |
|   in_ram_reg_r4_4416_4479_6_6 |     0.004 |
|   in_ram_reg_r4_4416_4479_7_7 |     0.004 |
|   in_ram_reg_r4_4480_4543_0_2 |     0.009 |
|   in_ram_reg_r4_4480_4543_3_5 |     0.010 |
|   in_ram_reg_r4_4480_4543_6_6 |     0.005 |
|   in_ram_reg_r4_4480_4543_7_7 |     0.005 |
|   in_ram_reg_r4_448_511_0_2   |     0.008 |
|   in_ram_reg_r4_448_511_3_5   |     0.009 |
|   in_ram_reg_r4_448_511_6_6   |     0.004 |
|   in_ram_reg_r4_448_511_7_7   |     0.004 |
|   in_ram_reg_r4_4544_4607_0_2 |     0.007 |
|   in_ram_reg_r4_4544_4607_3_5 |     0.008 |
|   in_ram_reg_r4_4544_4607_6_6 |     0.005 |
|   in_ram_reg_r4_4544_4607_7_7 |     0.005 |
|   in_ram_reg_r4_4608_4671_0_2 |     0.011 |
|   in_ram_reg_r4_4608_4671_3_5 |     0.009 |
|   in_ram_reg_r4_4608_4671_6_6 |     0.004 |
|   in_ram_reg_r4_4608_4671_7_7 |     0.005 |
|   in_ram_reg_r4_4672_4735_0_2 |     0.007 |
|   in_ram_reg_r4_4672_4735_3_5 |     0.011 |
|   in_ram_reg_r4_4672_4735_6_6 |     0.005 |
|   in_ram_reg_r4_4672_4735_7_7 |     0.005 |
|   in_ram_reg_r4_4736_4799_0_2 |     0.009 |
|   in_ram_reg_r4_4736_4799_3_5 |     0.010 |
|   in_ram_reg_r4_4736_4799_6_6 |     0.006 |
|   in_ram_reg_r4_4736_4799_7_7 |     0.006 |
|   in_ram_reg_r4_4800_4863_0_2 |     0.007 |
|   in_ram_reg_r4_4800_4863_3_5 |     0.007 |
|   in_ram_reg_r4_4800_4863_6_6 |     0.005 |
|   in_ram_reg_r4_4800_4863_7_7 |     0.005 |
|   in_ram_reg_r4_4864_4927_0_2 |     0.009 |
|   in_ram_reg_r4_4864_4927_3_5 |     0.009 |
|   in_ram_reg_r4_4864_4927_6_6 |     0.005 |
|   in_ram_reg_r4_4864_4927_7_7 |     0.005 |
|   in_ram_reg_r4_4928_4991_0_2 |     0.011 |
|   in_ram_reg_r4_4928_4991_3_5 |     0.007 |
|   in_ram_reg_r4_4928_4991_6_6 |     0.005 |
|   in_ram_reg_r4_4928_4991_7_7 |     0.004 |
|   in_ram_reg_r4_4992_5055_0_2 |     0.011 |
|   in_ram_reg_r4_4992_5055_3_5 |     0.009 |
|   in_ram_reg_r4_4992_5055_6_6 |     0.006 |
|   in_ram_reg_r4_4992_5055_7_7 |     0.005 |
|   in_ram_reg_r4_512_575_0_2   |     0.012 |
|   in_ram_reg_r4_512_575_3_5   |     0.009 |
|   in_ram_reg_r4_512_575_6_6   |     0.007 |
|   in_ram_reg_r4_512_575_7_7   |     0.007 |
|   in_ram_reg_r4_576_639_0_2   |     0.012 |
|   in_ram_reg_r4_576_639_3_5   |     0.010 |
|   in_ram_reg_r4_576_639_6_6   |     0.006 |
|   in_ram_reg_r4_576_639_7_7   |     0.006 |
|   in_ram_reg_r4_640_703_0_2   |     0.014 |
|   in_ram_reg_r4_640_703_3_5   |     0.011 |
|   in_ram_reg_r4_640_703_6_6   |     0.006 |
|   in_ram_reg_r4_640_703_7_7   |     0.006 |
|   in_ram_reg_r4_64_127_0_2    |     0.008 |
|   in_ram_reg_r4_64_127_3_5    |     0.010 |
|   in_ram_reg_r4_64_127_6_6    |     0.005 |
|   in_ram_reg_r4_64_127_7_7    |     0.004 |
|   in_ram_reg_r4_704_767_0_2   |     0.011 |
|   in_ram_reg_r4_704_767_3_5   |     0.010 |
|   in_ram_reg_r4_704_767_6_6   |     0.005 |
|   in_ram_reg_r4_704_767_7_7   |     0.006 |
|   in_ram_reg_r4_768_831_0_2   |     0.009 |
|   in_ram_reg_r4_768_831_3_5   |     0.009 |
|   in_ram_reg_r4_768_831_6_6   |     0.004 |
|   in_ram_reg_r4_768_831_7_7   |     0.004 |
|   in_ram_reg_r4_832_895_0_2   |     0.013 |
|   in_ram_reg_r4_832_895_3_5   |     0.009 |
|   in_ram_reg_r4_832_895_6_6   |     0.005 |
|   in_ram_reg_r4_832_895_7_7   |     0.005 |
|   in_ram_reg_r4_896_959_0_2   |     0.009 |
|   in_ram_reg_r4_896_959_3_5   |     0.009 |
|   in_ram_reg_r4_896_959_6_6   |     0.004 |
|   in_ram_reg_r4_896_959_7_7   |     0.004 |
|   in_ram_reg_r4_960_1023_0_2  |     0.010 |
|   in_ram_reg_r4_960_1023_3_5  |     0.011 |
|   in_ram_reg_r4_960_1023_6_6  |     0.005 |
|   in_ram_reg_r4_960_1023_7_7  |     0.006 |
+-------------------------------+-----------+


