
*** Running vivado
    with args -log accurate.vdi -applog -m64 -product Vivado -messageDb vivado.pb -mode batch -source accurate.tcl -notrace


****** Vivado v2019.1 (64-bit)
  **** SW Build 2552052 on Fri May 24 14:49:42 MDT 2019
  **** IP Build 2548770 on Fri May 24 18:01:18 MDT 2019
    ** Copyright 1986-2019 Xilinx, Inc. All Rights Reserved.

source accurate.tcl -notrace
Command: link_design -top accurate -part xc7s100fgga676-2
Design is defaulting to srcset: sources_1
Design is defaulting to constrset: constrs_1
INFO: [Device 21-403] Loading part xc7s100fgga676-2
INFO: [Netlist 29-17] Analyzing 1762 Unisim elements for replacement
INFO: [Netlist 29-28] Unisim Transformation completed in 1 CPU seconds
WARNING: [Netlist 29-101] Netlist 'accurate' is not ideal for floorplanning, since the cellview 'accurate' contains a large number of primitives.  Please consider enabling hierarchy in synthesis if you want to do floorplanning.
INFO: [Project 1-479] Netlist was created with Vivado 2019.1
INFO: [Project 1-570] Preparing netlist for logic optimization
INFO: [Constraints 18-4398] Generator version for shapeDB does not match. shapeDB will be regenerated.
Netlist sorting complete. Time (s): cpu = 00:00:00 ; elapsed = 00:00:00.005 . Memory (MB): peak = 760.707 ; gain = 0.000
INFO: [Project 1-111] Unisim Transformation Summary:
  A total of 1268 instances were transformed.
  RAM128X1D => RAM128X1D (RAMD64E, RAMD64E, MUXF7, MUXF7, RAMD64E, RAMD64E): 312 instances
  RAM16X1D => RAM32X1D (RAMD32, RAMD32): 8 instances
  RAM64M => RAM64M (RAMD64E, RAMD64E, RAMD64E, RAMD64E): 474 instances
  RAM64X1D => RAM64X1D (RAMD64E, RAMD64E): 474 instances

7 Infos, 1 Warnings, 0 Critical Warnings and 0 Errors encountered.
link_design completed successfully
link_design: Time (s): cpu = 00:00:10 ; elapsed = 00:00:11 . Memory (MB): peak = 760.707 ; gain = 398.559
Command: opt_design
Attempting to get a license for feature 'Implementation' and/or device 'xc7s100'
INFO: [Common 17-349] Got license for feature 'Implementation' and/or device 'xc7s100'
Running DRC as a precondition to command opt_design

Starting DRC Task
INFO: [DRC 23-27] Running DRC with 2 threads
WARNING: [DRC RPBF-3] IO port buffering is incomplete: Device port output[0] expects both input and output buffering but the buffers are incomplete.
WARNING: [DRC RPBF-3] IO port buffering is incomplete: Device port output[1] expects both input and output buffering but the buffers are incomplete.
WARNING: [DRC RPBF-3] IO port buffering is incomplete: Device port output[2] expects both input and output buffering but the buffers are incomplete.
WARNING: [DRC RPBF-3] IO port buffering is incomplete: Device port output[3] expects both input and output buffering but the buffers are incomplete.
WARNING: [DRC RPBF-3] IO port buffering is incomplete: Device port output[4] expects both input and output buffering but the buffers are incomplete.
WARNING: [DRC RPBF-3] IO port buffering is incomplete: Device port output[5] expects both input and output buffering but the buffers are incomplete.
WARNING: [DRC RPBF-3] IO port buffering is incomplete: Device port output[6] expects both input and output buffering but the buffers are incomplete.
WARNING: [DRC RPBF-3] IO port buffering is incomplete: Device port output[7] expects both input and output buffering but the buffers are incomplete.
INFO: [Project 1-461] DRC finished with 0 Errors, 8 Warnings
INFO: [Project 1-462] Please refer to the DRC report (report_drc) for more information.

Time (s): cpu = 00:00:01 ; elapsed = 00:00:00.637 . Memory (MB): peak = 782.703 ; gain = 21.996

Starting Cache Timing Information Task
INFO: [Timing 38-35] Done setting XDC timing constraints.
Ending Cache Timing Information Task | Checksum: 102ffa5c7

Time (s): cpu = 00:00:09 ; elapsed = 00:00:09 . Memory (MB): peak = 1248.094 ; gain = 465.391

Starting Logic Optimization Task

Phase 1 Retarget
INFO: [Opt 31-138] Pushed 0 inverter(s) to 0 load pin(s).
INFO: [Opt 31-49] Retargeted 0 cell(s).
Phase 1 Retarget | Checksum: 169943ed6

Time (s): cpu = 00:00:01 ; elapsed = 00:00:00.404 . Memory (MB): peak = 1390.637 ; gain = 0.000
INFO: [Opt 31-389] Phase Retarget created 0 cells and removed 1 cells

Phase 2 Constant propagation
INFO: [Opt 31-138] Pushed 0 inverter(s) to 0 load pin(s).
Phase 2 Constant propagation | Checksum: 12a0d8e8b

Time (s): cpu = 00:00:01 ; elapsed = 00:00:00.444 . Memory (MB): peak = 1390.637 ; gain = 0.000
INFO: [Opt 31-389] Phase Constant propagation created 0 cells and removed 0 cells

Phase 3 Sweep
Phase 3 Sweep | Checksum: ed99dff0

Time (s): cpu = 00:00:01 ; elapsed = 00:00:00.538 . Memory (MB): peak = 1390.637 ; gain = 0.000
INFO: [Opt 31-389] Phase Sweep created 0 cells and removed 0 cells

Phase 4 BUFG optimization
Phase 4 BUFG optimization | Checksum: ed99dff0

Time (s): cpu = 00:00:02 ; elapsed = 00:00:01 . Memory (MB): peak = 1390.637 ; gain = 0.000
INFO: [Opt 31-662] Phase BUFG optimization created 0 cells of which 0 are BUFGs and removed 0 cells.

Phase 5 Shift Register Optimization
INFO: [Opt 31-1064] SRL Remap converted 0 SRLs to 0 registers and converted 0 registers of register chains to 0 SRLs
Phase 5 Shift Register Optimization | Checksum: ed99dff0

Time (s): cpu = 00:00:02 ; elapsed = 00:00:01 . Memory (MB): peak = 1390.637 ; gain = 0.000
INFO: [Opt 31-389] Phase Shift Register Optimization created 0 cells and removed 0 cells

Phase 6 Post Processing Netlist
Phase 6 Post Processing Netlist | Checksum: ed99dff0

Time (s): cpu = 00:00:02 ; elapsed = 00:00:01 . Memory (MB): peak = 1390.637 ; gain = 0.000
INFO: [Opt 31-389] Phase Post Processing Netlist created 0 cells and removed 0 cells
Opt_design Change Summary
=========================


-------------------------------------------------------------------------------------------------------------------------
|  Phase                        |  #Cells created  |  #Cells Removed  |  #Constrained objects preventing optimizations  |
-------------------------------------------------------------------------------------------------------------------------
|  Retarget                     |               0  |               1  |                                              0  |
|  Constant propagation         |               0  |               0  |                                              0  |
|  Sweep                        |               0  |               0  |                                              0  |
|  BUFG optimization            |               0  |               0  |                                              0  |
|  Shift Register Optimization  |               0  |               0  |                                              0  |
|  Post Processing Netlist      |               0  |               0  |                                              0  |
-------------------------------------------------------------------------------------------------------------------------



Starting Connectivity Check Task

Time (s): cpu = 00:00:00 ; elapsed = 00:00:00.007 . Memory (MB): peak = 1390.637 ; gain = 0.000
Ending Logic Optimization Task | Checksum: 6edf6353

Time (s): cpu = 00:00:02 ; elapsed = 00:00:01 . Memory (MB): peak = 1390.637 ; gain = 0.000

Starting Power Optimization Task
INFO: [Pwropt 34-132] Skipping clock gating for clocks with a period < 2.00 ns.
Ending Power Optimization Task | Checksum: 6edf6353

Time (s): cpu = 00:00:00 ; elapsed = 00:00:00.016 . Memory (MB): peak = 1390.637 ; gain = 0.000

Starting Final Cleanup Task
Ending Final Cleanup Task | Checksum: 6edf6353

Time (s): cpu = 00:00:00 ; elapsed = 00:00:00 . Memory (MB): peak = 1390.637 ; gain = 0.000

Starting Netlist Obfuscation Task
Netlist sorting complete. Time (s): cpu = 00:00:00 ; elapsed = 00:00:00.005 . Memory (MB): peak = 1390.637 ; gain = 0.000
Ending Netlist Obfuscation Task | Checksum: 6edf6353

Time (s): cpu = 00:00:00 ; elapsed = 00:00:00.006 . Memory (MB): peak = 1390.637 ; gain = 0.000
INFO: [Common 17-83] Releasing license: Implementation
24 Infos, 9 Warnings, 0 Critical Warnings and 0 Errors encountered.
opt_design completed successfully
opt_design: Time (s): cpu = 00:00:13 ; elapsed = 00:00:13 . Memory (MB): peak = 1390.637 ; gain = 629.930
Netlist sorting complete. Time (s): cpu = 00:00:00 ; elapsed = 00:00:00.005 . Memory (MB): peak = 1390.637 ; gain = 0.000
WARNING: [Constraints 18-5210] No constraints selected for write.
Resolution: This message can indicate that there are no constraints for the design, or it can indicate that the used_in flags are set such that the constraints are ignored. This later case is used when running synth_design to not write synthesis constraints to the resulting checkpoint. Instead, project constraints are read when the synthesized design is opened.
INFO: [Common 17-1381] The checkpoint 'C:/Users/ESRLab-04/Desktop/edgeDetection_2/edgeDetection_2/edgeDetection_2.runs/impl_1/accurate_opt.dcp' has been generated.
INFO: [runtcl-4] Executing : report_drc -file accurate_drc_opted.rpt -pb accurate_drc_opted.pb -rpx accurate_drc_opted.rpx
Command: report_drc -file accurate_drc_opted.rpt -pb accurate_drc_opted.pb -rpx accurate_drc_opted.rpx
INFO: [IP_Flow 19-234] Refreshing IP repositories
INFO: [IP_Flow 19-1704] No user IP repositories specified
INFO: [IP_Flow 19-2313] Loaded Vivado IP repository 'C:/Xilinx/Vivado/2019.1/data/ip'.
INFO: [DRC 23-27] Running DRC with 2 threads
INFO: [Coretcl 2-168] The results of DRC are in file C:/Users/ESRLab-04/Desktop/edgeDetection_2/edgeDetection_2/edgeDetection_2.runs/impl_1/accurate_drc_opted.rpt.
report_drc completed successfully
Command: place_design
Attempting to get a license for feature 'Implementation' and/or device 'xc7s100'
INFO: [Common 17-349] Got license for feature 'Implementation' and/or device 'xc7s100'
INFO: [DRC 23-27] Running DRC with 2 threads
INFO: [Vivado_Tcl 4-198] DRC finished with 0 Errors
INFO: [Vivado_Tcl 4-199] Please refer to the DRC report (report_drc) for more information.
Running DRC as a precondition to command place_design
INFO: [DRC 23-27] Running DRC with 2 threads
WARNING: [DRC RPBF-3] IO port buffering is incomplete: Device port output[0] expects both input and output buffering but the buffers are incomplete.
WARNING: [DRC RPBF-3] IO port buffering is incomplete: Device port output[1] expects both input and output buffering but the buffers are incomplete.
WARNING: [DRC RPBF-3] IO port buffering is incomplete: Device port output[2] expects both input and output buffering but the buffers are incomplete.
WARNING: [DRC RPBF-3] IO port buffering is incomplete: Device port output[3] expects both input and output buffering but the buffers are incomplete.
WARNING: [DRC RPBF-3] IO port buffering is incomplete: Device port output[4] expects both input and output buffering but the buffers are incomplete.
WARNING: [DRC RPBF-3] IO port buffering is incomplete: Device port output[5] expects both input and output buffering but the buffers are incomplete.
WARNING: [DRC RPBF-3] IO port buffering is incomplete: Device port output[6] expects both input and output buffering but the buffers are incomplete.
WARNING: [DRC RPBF-3] IO port buffering is incomplete: Device port output[7] expects both input and output buffering but the buffers are incomplete.
INFO: [Vivado_Tcl 4-198] DRC finished with 0 Errors, 8 Warnings
INFO: [Vivado_Tcl 4-199] Please refer to the DRC report (report_drc) for more information.

Starting Placer Task
INFO: [Place 30-611] Multithreading enabled for place_design using a maximum of 2 CPUs

Phase 1 Placer Initialization

Phase 1.1 Placer Initialization Netlist Sorting
Netlist sorting complete. Time (s): cpu = 00:00:00 ; elapsed = 00:00:00.006 . Memory (MB): peak = 1390.637 ; gain = 0.000
Phase 1.1 Placer Initialization Netlist Sorting | Checksum: 1d818dba

Time (s): cpu = 00:00:00 ; elapsed = 00:00:00.012 . Memory (MB): peak = 1390.637 ; gain = 0.000
Netlist sorting complete. Time (s): cpu = 00:00:00 ; elapsed = 00:00:00.017 . Memory (MB): peak = 1390.637 ; gain = 0.000

Phase 1.2 IO Placement/ Clock Placement/ Build Placer Device
INFO: [Timing 38-35] Done setting XDC timing constraints.
Phase 1.2 IO Placement/ Clock Placement/ Build Placer Device | Checksum: 7d003c33

Time (s): cpu = 00:00:04 ; elapsed = 00:00:03 . Memory (MB): peak = 1390.637 ; gain = 0.000

Phase 1.3 Build Placer Netlist Model
Phase 1.3 Build Placer Netlist Model | Checksum: 172a86c05

Time (s): cpu = 00:00:05 ; elapsed = 00:00:04 . Memory (MB): peak = 1393.152 ; gain = 2.516

Phase 1.4 Constrain Clocks/Macros
Phase 1.4 Constrain Clocks/Macros | Checksum: 172a86c05

Time (s): cpu = 00:00:05 ; elapsed = 00:00:04 . Memory (MB): peak = 1393.152 ; gain = 2.516
Phase 1 Placer Initialization | Checksum: 172a86c05

Time (s): cpu = 00:00:05 ; elapsed = 00:00:04 . Memory (MB): peak = 1393.152 ; gain = 2.516

Phase 2 Global Placement

Phase 2.1 Floorplanning
Phase 2.1 Floorplanning | Checksum: 172a86c05

Time (s): cpu = 00:00:05 ; elapsed = 00:00:04 . Memory (MB): peak = 1393.152 ; gain = 2.516

Phase 2.2 Global Placement Core
WARNING: [Place 46-29] place_design is not in timing mode. Skip physical synthesis in placer
Phase 2.2 Global Placement Core | Checksum: b0e017a2

Time (s): cpu = 00:00:10 ; elapsed = 00:00:07 . Memory (MB): peak = 1393.152 ; gain = 2.516
Phase 2 Global Placement | Checksum: b0e017a2

Time (s): cpu = 00:00:10 ; elapsed = 00:00:07 . Memory (MB): peak = 1393.152 ; gain = 2.516

Phase 3 Detail Placement

Phase 3.1 Commit Multi Column Macros
Phase 3.1 Commit Multi Column Macros | Checksum: b0e017a2

Time (s): cpu = 00:00:10 ; elapsed = 00:00:07 . Memory (MB): peak = 1393.152 ; gain = 2.516

Phase 3.2 Commit Most Macros & LUTRAMs
Phase 3.2 Commit Most Macros & LUTRAMs | Checksum: 1608cb244

Time (s): cpu = 00:00:12 ; elapsed = 00:00:09 . Memory (MB): peak = 1393.152 ; gain = 2.516

Phase 3.3 Area Swap Optimization
Phase 3.3 Area Swap Optimization | Checksum: 1a57e31f4

Time (s): cpu = 00:00:12 ; elapsed = 00:00:09 . Memory (MB): peak = 1393.152 ; gain = 2.516

Phase 3.4 Pipeline Register Optimization
Phase 3.4 Pipeline Register Optimization | Checksum: 1a57e31f4

Time (s): cpu = 00:00:12 ; elapsed = 00:00:09 . Memory (MB): peak = 1393.152 ; gain = 2.516

Phase 3.5 Small Shape Detail Placement
Phase 3.5 Small Shape Detail Placement | Checksum: 1ebedd359

Time (s): cpu = 00:00:13 ; elapsed = 00:00:10 . Memory (MB): peak = 1393.152 ; gain = 2.516

Phase 3.6 Re-assign LUT pins
Phase 3.6 Re-assign LUT pins | Checksum: 1ebedd359

Time (s): cpu = 00:00:13 ; elapsed = 00:00:10 . Memory (MB): peak = 1393.152 ; gain = 2.516

Phase 3.7 Pipeline Register Optimization
Phase 3.7 Pipeline Register Optimization | Checksum: 1ebedd359

Time (s): cpu = 00:00:13 ; elapsed = 00:00:10 . Memory (MB): peak = 1393.152 ; gain = 2.516
Phase 3 Detail Placement | Checksum: 1ebedd359

Time (s): cpu = 00:00:14 ; elapsed = 00:00:10 . Memory (MB): peak = 1393.152 ; gain = 2.516

Phase 4 Post Placement Optimization and Clean-Up

Phase 4.1 Post Commit Optimization
Phase 4.1 Post Commit Optimization | Checksum: 1ebedd359

Time (s): cpu = 00:00:14 ; elapsed = 00:00:10 . Memory (MB): peak = 1393.152 ; gain = 2.516

Phase 4.2 Post Placement Cleanup
Phase 4.2 Post Placement Cleanup | Checksum: 1ebedd359

Time (s): cpu = 00:00:14 ; elapsed = 00:00:10 . Memory (MB): peak = 1393.152 ; gain = 2.516

Phase 4.3 Placer Reporting
Phase 4.3 Placer Reporting | Checksum: 1ebedd359

Time (s): cpu = 00:00:14 ; elapsed = 00:00:10 . Memory (MB): peak = 1393.152 ; gain = 2.516

Phase 4.4 Final Placement Cleanup
Netlist sorting complete. Time (s): cpu = 00:00:00 ; elapsed = 00:00:00.005 . Memory (MB): peak = 1393.152 ; gain = 0.000
Phase 4.4 Final Placement Cleanup | Checksum: 1ebedd359

Time (s): cpu = 00:00:14 ; elapsed = 00:00:10 . Memory (MB): peak = 1393.152 ; gain = 2.516
Phase 4 Post Placement Optimization and Clean-Up | Checksum: 1ebedd359

Time (s): cpu = 00:00:14 ; elapsed = 00:00:10 . Memory (MB): peak = 1393.152 ; gain = 2.516
Ending Placer Task | Checksum: 117ec0ac6

Time (s): cpu = 00:00:14 ; elapsed = 00:00:10 . Memory (MB): peak = 1393.152 ; gain = 2.516
INFO: [Common 17-83] Releasing license: Implementation
41 Infos, 19 Warnings, 0 Critical Warnings and 0 Errors encountered.
place_design completed successfully
place_design: Time (s): cpu = 00:00:16 ; elapsed = 00:00:12 . Memory (MB): peak = 1393.152 ; gain = 2.516
Netlist sorting complete. Time (s): cpu = 00:00:00 ; elapsed = 00:00:00.007 . Memory (MB): peak = 1393.152 ; gain = 0.000
WARNING: [Constraints 18-5210] No constraints selected for write.
Resolution: This message can indicate that there are no constraints for the design, or it can indicate that the used_in flags are set such that the constraints are ignored. This later case is used when running synth_design to not write synthesis constraints to the resulting checkpoint. Instead, project constraints are read when the synthesized design is opened.
Writing placer database...
Writing XDEF routing.
Writing XDEF routing logical nets.
Writing XDEF routing special nets.
Write XDEF Complete: Time (s): cpu = 00:00:02 ; elapsed = 00:00:00.776 . Memory (MB): peak = 1413.816 ; gain = 20.664
INFO: [Common 17-1381] The checkpoint 'C:/Users/ESRLab-04/Desktop/edgeDetection_2/edgeDetection_2/edgeDetection_2.runs/impl_1/accurate_placed.dcp' has been generated.
INFO: [runtcl-4] Executing : report_io -file accurate_io_placed.rpt
report_io: Time (s): cpu = 00:00:00 ; elapsed = 00:00:00.078 . Memory (MB): peak = 1413.816 ; gain = 0.000
INFO: [runtcl-4] Executing : report_utilization -file accurate_utilization_placed.rpt -pb accurate_utilization_placed.pb
INFO: [runtcl-4] Executing : report_control_sets -verbose -file accurate_control_sets_placed.rpt
report_control_sets: Time (s): cpu = 00:00:00 ; elapsed = 00:00:00.122 . Memory (MB): peak = 1413.816 ; gain = 0.000
Command: route_design
Attempting to get a license for feature 'Implementation' and/or device 'xc7s100'
INFO: [Common 17-349] Got license for feature 'Implementation' and/or device 'xc7s100'
Running DRC as a precondition to command route_design
INFO: [DRC 23-27] Running DRC with 2 threads
INFO: [Vivado_Tcl 4-198] DRC finished with 0 Errors
INFO: [Vivado_Tcl 4-199] Please refer to the DRC report (report_drc) for more information.


Starting Routing Task
INFO: [Route 35-254] Multithreading enabled for route_design using a maximum of 2 CPUs
Checksum: PlaceDB: d7e08a4e ConstDB: 0 ShapeSum: 400b8078 RouteDB: 0

Phase 1 Build RT Design
Phase 1 Build RT Design | Checksum: 1373178e9

Time (s): cpu = 00:00:36 ; elapsed = 00:00:29 . Memory (MB): peak = 1531.973 ; gain = 109.477
Post Restoration Checksum: NetGraph: ed716faa NumContArr: 49c0093f Constraints: 0 Timing: 0

Phase 2 Router Initialization
INFO: [Route 35-64] No timing constraints were detected. The router will operate in resource-optimization mode.

Phase 2.1 Fix Topology Constraints
Phase 2.1 Fix Topology Constraints | Checksum: 1373178e9

Time (s): cpu = 00:00:36 ; elapsed = 00:00:29 . Memory (MB): peak = 1538.586 ; gain = 116.090

Phase 2.2 Pre Route Cleanup
Phase 2.2 Pre Route Cleanup | Checksum: 1373178e9

Time (s): cpu = 00:00:36 ; elapsed = 00:00:29 . Memory (MB): peak = 1538.586 ; gain = 116.090
 Number of Nodes with overlaps = 0
Phase 2 Router Initialization | Checksum: 1609a04d2

Time (s): cpu = 00:00:37 ; elapsed = 00:00:30 . Memory (MB): peak = 1565.562 ; gain = 143.066

Router Utilization Summary
  Global Vertical Routing Utilization    = 0 %
  Global Horizontal Routing Utilization  = 0 %
  Routable Net Status*
  *Does not include unroutable nets such as driverless and loadless.
  Run report_route_status for detailed report.
  Number of Failed Nets               = 3404
    (Failed Nets is the sum of unrouted and partially routed nets)
  Number of Unrouted Nets             = 3404
  Number of Partially Routed Nets     = 0
  Number of Node Overlaps             = 0


Phase 3 Initial Routing
Phase 3 Initial Routing | Checksum: 13f878141

Time (s): cpu = 00:00:41 ; elapsed = 00:00:32 . Memory (MB): peak = 1565.613 ; gain = 143.117

Phase 4 Rip-up And Reroute

Phase 4.1 Global Iteration 0
 Number of Nodes with overlaps = 209
 Number of Nodes with overlaps = 0
Phase 4.1 Global Iteration 0 | Checksum: a2d2faad

Time (s): cpu = 00:00:44 ; elapsed = 00:00:34 . Memory (MB): peak = 1565.613 ; gain = 143.117
Phase 4 Rip-up And Reroute | Checksum: a2d2faad

Time (s): cpu = 00:00:44 ; elapsed = 00:00:34 . Memory (MB): peak = 1565.613 ; gain = 143.117

Phase 5 Delay and Skew Optimization
Phase 5 Delay and Skew Optimization | Checksum: a2d2faad

Time (s): cpu = 00:00:44 ; elapsed = 00:00:34 . Memory (MB): peak = 1565.613 ; gain = 143.117

Phase 6 Post Hold Fix

Phase 6.1 Hold Fix Iter
Phase 6.1 Hold Fix Iter | Checksum: a2d2faad

Time (s): cpu = 00:00:44 ; elapsed = 00:00:34 . Memory (MB): peak = 1565.613 ; gain = 143.117
Phase 6 Post Hold Fix | Checksum: a2d2faad

Time (s): cpu = 00:00:44 ; elapsed = 00:00:34 . Memory (MB): peak = 1565.613 ; gain = 143.117

Phase 7 Route finalize

Router Utilization Summary
  Global Vertical Routing Utilization    = 2.29288 %
  Global Horizontal Routing Utilization  = 2.24964 %
  Routable Net Status*
  *Does not include unroutable nets such as driverless and loadless.
  Run report_route_status for detailed report.
  Number of Failed Nets               = 0
    (Failed Nets is the sum of unrouted and partially routed nets)
  Number of Unrouted Nets             = 0
  Number of Partially Routed Nets     = 0
  Number of Node Overlaps             = 0

Congestion Report
North Dir 1x1 Area, Max Cong = 43.2432%, No Congested Regions.
South Dir 1x1 Area, Max Cong = 43.2432%, No Congested Regions.
East Dir 1x1 Area, Max Cong = 50%, No Congested Regions.
West Dir 1x1 Area, Max Cong = 41.1765%, No Congested Regions.

------------------------------
Reporting congestion hotspots
------------------------------
Direction: North
----------------
Congested clusters found at Level 0
Effective congestion level: 0 Aspect Ratio: 1 Sparse Ratio: 0
Direction: South
----------------
Congested clusters found at Level 0
Effective congestion level: 0 Aspect Ratio: 1 Sparse Ratio: 0
Direction: East
----------------
Congested clusters found at Level 0
Effective congestion level: 0 Aspect Ratio: 1 Sparse Ratio: 0
Direction: West
----------------
Congested clusters found at Level 0
Effective congestion level: 0 Aspect Ratio: 1 Sparse Ratio: 0

Phase 7 Route finalize | Checksum: a2d2faad

Time (s): cpu = 00:00:44 ; elapsed = 00:00:34 . Memory (MB): peak = 1565.613 ; gain = 143.117

Phase 8 Verifying routed nets

 Verification completed successfully
Phase 8 Verifying routed nets | Checksum: a2d2faad

Time (s): cpu = 00:00:44 ; elapsed = 00:00:34 . Memory (MB): peak = 1565.613 ; gain = 143.117

Phase 9 Depositing Routes
Phase 9 Depositing Routes | Checksum: f7b0ef95

Time (s): cpu = 00:00:45 ; elapsed = 00:00:35 . Memory (MB): peak = 1565.613 ; gain = 143.117
INFO: [Route 35-16] Router Completed Successfully

Time (s): cpu = 00:00:45 ; elapsed = 00:00:35 . Memory (MB): peak = 1565.613 ; gain = 143.117

Routing Is Done.
INFO: [Common 17-83] Releasing license: Implementation
53 Infos, 20 Warnings, 0 Critical Warnings and 0 Errors encountered.
route_design completed successfully
route_design: Time (s): cpu = 00:00:47 ; elapsed = 00:00:36 . Memory (MB): peak = 1565.613 ; gain = 151.797
Netlist sorting complete. Time (s): cpu = 00:00:00 ; elapsed = 00:00:00.007 . Memory (MB): peak = 1565.613 ; gain = 0.000
WARNING: [Constraints 18-5210] No constraints selected for write.
Resolution: This message can indicate that there are no constraints for the design, or it can indicate that the used_in flags are set such that the constraints are ignored. This later case is used when running synth_design to not write synthesis constraints to the resulting checkpoint. Instead, project constraints are read when the synthesized design is opened.
Writing placer database...
Writing XDEF routing.
Writing XDEF routing logical nets.
Writing XDEF routing special nets.
Write XDEF Complete: Time (s): cpu = 00:00:02 ; elapsed = 00:00:01 . Memory (MB): peak = 1567.453 ; gain = 1.840
INFO: [Common 17-1381] The checkpoint 'C:/Users/ESRLab-04/Desktop/edgeDetection_2/edgeDetection_2/edgeDetection_2.runs/impl_1/accurate_routed.dcp' has been generated.
INFO: [runtcl-4] Executing : report_drc -file accurate_drc_routed.rpt -pb accurate_drc_routed.pb -rpx accurate_drc_routed.rpx
Command: report_drc -file accurate_drc_routed.rpt -pb accurate_drc_routed.pb -rpx accurate_drc_routed.rpx
INFO: [IP_Flow 19-1839] IP Catalog is up to date.
INFO: [DRC 23-27] Running DRC with 2 threads
INFO: [Coretcl 2-168] The results of DRC are in file C:/Users/ESRLab-04/Desktop/edgeDetection_2/edgeDetection_2/edgeDetection_2.runs/impl_1/accurate_drc_routed.rpt.
report_drc completed successfully
INFO: [runtcl-4] Executing : report_methodology -file accurate_methodology_drc_routed.rpt -pb accurate_methodology_drc_routed.pb -rpx accurate_methodology_drc_routed.rpx
Command: report_methodology -file accurate_methodology_drc_routed.rpt -pb accurate_methodology_drc_routed.pb -rpx accurate_methodology_drc_routed.rpx
INFO: [Timing 38-35] Done setting XDC timing constraints.
INFO: [DRC 23-133] Running Methodology with 2 threads
INFO: [Coretcl 2-1520] The results of Report Methodology are in file C:/Users/ESRLab-04/Desktop/edgeDetection_2/edgeDetection_2/edgeDetection_2.runs/impl_1/accurate_methodology_drc_routed.rpt.
report_methodology completed successfully
INFO: [runtcl-4] Executing : report_power -file accurate_power_routed.rpt -pb accurate_power_summary_routed.pb -rpx accurate_power_routed.rpx
Command: report_power -file accurate_power_routed.rpt -pb accurate_power_summary_routed.pb -rpx accurate_power_routed.rpx
INFO: [Timing 38-35] Done setting XDC timing constraints.
WARNING: [Power 33-232] No user defined clocks were found in the design! Power estimation will be inaccurate until this is corrected.
Resolution: Please specify clocks using create_clock/create_generated_clock for sequential elements. For pure combinatorial circuits, please specify a virtual clock, otherwise the vectorless estimation might be inaccurate
Running Vector-less Activity Propagation...

Finished Running Vector-less Activity Propagation
64 Infos, 22 Warnings, 0 Critical Warnings and 0 Errors encountered.
report_power completed successfully
INFO: [runtcl-4] Executing : report_route_status -file accurate_route_status.rpt -pb accurate_route_status.pb
INFO: [runtcl-4] Executing : report_timing_summary -max_paths 10 -file accurate_timing_summary_routed.rpt -pb accurate_timing_summary_routed.pb -rpx accurate_timing_summary_routed.rpx -warn_on_violation 
INFO: [Timing 38-91] UpdateTimingParams: Speed grade: -2, Delay Type: min_max.
INFO: [Timing 38-191] Multithreading enabled for timing update using a maximum of 2 CPUs
WARNING: [Timing 38-313] There are no user specified timing constraints. Timing constraints are needed for proper timing analysis.
INFO: [runtcl-4] Executing : report_incremental_reuse -file accurate_incremental_reuse_routed.rpt
INFO: [Vivado_Tcl 4-1062] Incremental flow is disabled. No incremental reuse Info to report.
INFO: [runtcl-4] Executing : report_clock_utilization -file accurate_clock_utilization_routed.rpt
INFO: [runtcl-4] Executing : report_bus_skew -warn_on_violation -file accurate_bus_skew_routed.rpt -pb accurate_bus_skew_routed.pb -rpx accurate_bus_skew_routed.rpx
INFO: [Timing 38-91] UpdateTimingParams: Speed grade: -2, Delay Type: min_max.
INFO: [Timing 38-191] Multithreading enabled for timing update using a maximum of 2 CPUs
INFO: [Common 17-206] Exiting Vivado at Sun Aug  6 15:32:22 2023...
