INFO: [SIM 2] *************** CSIM start ***************
INFO: [SIM 4] CSIM will launch GCC as the compiler.
   Compiling(apcc) ../../../../CrTest.c in debug mode
INFO: Applying HLS Y2K22 patch v1.2 for IP revision
INFO: [HLS 200-10] Running 'C:/Xilinx/Vivado/2019.1/bin/unwrapped/win64.o/apcc.exe'
INFO: [HLS 200-10] For user 'ESRLab-04' on host 'desktop-nscbn50' (Windows NT_amd64 version 6.2) on Sun Aug 06 19:54:47 +0330 2023
INFO: [HLS 200-10] In directory 'C:/Users/ESRLab-04/Desktop/YCbCrHLS/SynthzCr/Cr/solution1/csim/build'
INFO: [APCC 202-3] Tmp directory is apcc_db
INFO: [APCC 202-1] APCC is done.
   Compiling(apcc) ../../../../Cr.c in debug mode
INFO: Applying HLS Y2K22 patch v1.2 for IP revision
INFO: [HLS 200-10] Running 'C:/Xilinx/Vivado/2019.1/bin/unwrapped/win64.o/apcc.exe'
INFO: [HLS 200-10] For user 'ESRLab-04' on host 'desktop-nscbn50' (Windows NT_amd64 version 6.2) on Sun Aug 06 19:54:55 +0330 2023
INFO: [HLS 200-10] In directory 'C:/Users/ESRLab-04/Desktop/YCbCrHLS/SynthzCr/Cr/solution1/csim/build'
INFO: [APCC 202-3] Tmp directory is apcc_db
INFO: [APCC 202-1] APCC is done.
   Generating csim.exe
152 154 155 --> 127
INFO: [SIM 1] CSim done with 0 errors.
INFO: [SIM 3] *************** CSIM finish ***************
