==============================================================
Vivado(TM) HLS - High-Level Synthesis from C, C++ and SystemC v2019.1 (64-bit)
Copyright 1986-2019 Xilinx, Inc. All Rights Reserved.
==============================================================
INFO: [SYN 201-201] Setting up clock 'default' with a period of 10ns.
INFO: [HLS 200-10] Setting target device to 'xc7s100-fgga676-2'
INFO: [SIM 211-2] *************** CSIM start ***************
INFO: [SIM 211-4] CSIM will launch GCC as the compiler.
INFO: [SIM 211-1] CSim done with 0 errors.
INFO: [SIM 211-3] *************** CSIM finish ***************
==============================================================
Vivado(TM) HLS - High-Level Synthesis from C, C++ and SystemC v2019.1 (64-bit)
Copyright 1986-2019 Xilinx, Inc. All Rights Reserved.
==============================================================
INFO: [SYN 201-201] Setting up clock 'default' with a period of 10ns.
INFO: [HLS 200-10] Setting target device to 'xc7s100-fgga676-2'
INFO: [SYN 201-201] Setting up clock 'default' with a period of 10ns.
INFO: [SCHED 204-61] Option 'relax_ii_for_timing' is enabled, will increase II to preserve clock frequency constraints.
INFO: [HLS 200-10] Analyzing design file 'Y.c' ... 
INFO: [HLS 200-111] Finished Linking Time (s): cpu = 00:00:01 ; elapsed = 00:00:07 . Memory (MB): peak = 185.293 ; gain = 95.289
INFO: [HLS 200-111] Finished Checking Pragmas Time (s): cpu = 00:00:01 ; elapsed = 00:00:07 . Memory (MB): peak = 185.293 ; gain = 95.289
INFO: [HLS 200-10] Starting code transformations ...
INFO: [HLS 200-111] Finished Standard Transforms Time (s): cpu = 00:00:02 ; elapsed = 00:00:09 . Memory (MB): peak = 185.293 ; gain = 95.289
INFO: [HLS 200-10] Checking synthesizability ...
INFO: [XFORM 203-602] Inlining function 'fp_struct<double>::mantissa' into 'generic_cast_IEEE754<unsigned char, (ap_q_mode)6, double>' (r:/builds/2019.1/continuous/2019_05_24_2552052/src/products/hls/hls_lib/hlsmath/include/FloatingPoint\hls_case_IEEE754.h:68) automatically.
INFO: [XFORM 203-602] Inlining function 'fp_struct<double>::expv' into 'generic_cast_IEEE754<unsigned char, (ap_q_mode)6, double>' (r:/builds/2019.1/continuous/2019_05_24_2552052/src/products/hls/hls_lib/hlsmath/include/FloatingPoint\hls_case_IEEE754.h:71) automatically.
INFO: [XFORM 203-602] Inlining function 'fp_struct<double>::__signbit' into 'generic_cast_IEEE754<unsigned char, (ap_q_mode)6, double>' (r:/builds/2019.1/continuous/2019_05_24_2552052/src/products/hls/hls_lib/hlsmath/include/FloatingPoint\hls_case_IEEE754.h:91) automatically.
INFO: [XFORM 203-602] Inlining function 'generic_cast_IEEE754<unsigned char, (ap_q_mode)6, double>' into 'generic_cast_IEEE754<unsigned char, double>' (r:/builds/2019.1/continuous/2019_05_24_2552052/src/products/hls/hls_lib/hlsmath/include/FloatingPoint\hls_case_IEEE754.h:117) automatically.
INFO: [XFORM 203-602] Inlining function 'generic_cast_IEEE754<unsigned char, double>' into '__hls_fptoui_double_i8' (r:/builds/2019.1/continuous/2019_05_24_2552052/src/products/hls/hls_lib/hlsmath/src/lib_floatconversion.cpp:67) automatically.
INFO: [XFORM 203-602] Inlining function '__hls_fptoui_double_i8' into 'Y' (Y.c:15) automatically.
INFO: [HLS 200-111] Finished Checking Synthesizability Time (s): cpu = 00:00:02 ; elapsed = 00:00:09 . Memory (MB): peak = 212.438 ; gain = 122.434
INFO: [XFORM 203-602] Inlining function 'fp_struct<double>::mantissa' into 'generic_cast_IEEE754<unsigned char, (ap_q_mode)6, double>' (r:/builds/2019.1/continuous/2019_05_24_2552052/src/products/hls/hls_lib/hlsmath/include/FloatingPoint\hls_case_IEEE754.h:68) automatically.
INFO: [XFORM 203-602] Inlining function 'fp_struct<double>::expv' into 'generic_cast_IEEE754<unsigned char, (ap_q_mode)6, double>' (r:/builds/2019.1/continuous/2019_05_24_2552052/src/products/hls/hls_lib/hlsmath/include/FloatingPoint\hls_case_IEEE754.h:71) automatically.
INFO: [XFORM 203-602] Inlining function 'generic_cast_IEEE754<unsigned char, (ap_q_mode)6, double>' into 'generic_cast_IEEE754<unsigned char, double>' (r:/builds/2019.1/continuous/2019_05_24_2552052/src/products/hls/hls_lib/hlsmath/include/FloatingPoint\hls_case_IEEE754.h:117) automatically.
INFO: [XFORM 203-602] Inlining function 'generic_cast_IEEE754<unsigned char, double>' into '__hls_fptoui_double_i8' (r:/builds/2019.1/continuous/2019_05_24_2552052/src/products/hls/hls_lib/hlsmath/src/lib_floatconversion.cpp:67) automatically.
INFO: [XFORM 203-602] Inlining function '__hls_fptoui_double_i8' into 'Y' (Y.c:15) automatically.
INFO: [XFORM 203-401] Performing if-conversion on hyperblock to (Y.c:19:2) in function 'Y'... converting 3 basic blocks.
INFO: [XFORM 203-11] Balancing expressions in function 'Y' (Y.c:5)...5 expression(s) balanced.
INFO: [HLS 200-111] Finished Pre-synthesis Time (s): cpu = 00:00:03 ; elapsed = 00:00:10 . Memory (MB): peak = 271.176 ; gain = 181.172
INFO: [HLS 200-111] Finished Architecture Synthesis Time (s): cpu = 00:00:03 ; elapsed = 00:00:10 . Memory (MB): peak = 285.941 ; gain = 195.938
INFO: [HLS 200-10] Starting hardware synthesis ...
INFO: [HLS 200-10] Synthesizing 'Y' ...
INFO: [HLS 200-10] ----------------------------------------------------------------
INFO: [HLS 200-42] -- Implementing module 'Y' 
INFO: [HLS 200-10] ----------------------------------------------------------------
INFO: [SCHED 204-11] Starting scheduling ...
INFO: [SCHED 204-11] Finished scheduling.
INFO: [HLS 200-111]  Elapsed time: 10.501 seconds; current allocated memory: 215.709 MB.
INFO: [BIND 205-100] Starting micro-architecture generation ...
INFO: [BIND 205-101] Performing variable lifetime analysis.
INFO: [BIND 205-101] Exploring resource sharing.
INFO: [BIND 205-101] Binding ...
INFO: [BIND 205-100] Finished micro-architecture generation.
INFO: [HLS 200-111]  Elapsed time: 0.206 seconds; current allocated memory: 215.960 MB.
INFO: [HLS 200-10] ----------------------------------------------------------------
INFO: [HLS 200-10] -- Generating RTL for module 'Y' 
INFO: [HLS 200-10] ----------------------------------------------------------------
INFO: [RTGEN 206-500] Setting interface mode on port 'Y/R' to 'ap_none'.
INFO: [RTGEN 206-500] Setting interface mode on port 'Y/G' to 'ap_none'.
INFO: [RTGEN 206-500] Setting interface mode on port 'Y/B' to 'ap_none'.
INFO: [RTGEN 206-500] Setting interface mode on function 'Y' to 'ap_ctrl_hs'.
INFO: [SYN 201-210] Renamed object name 'Y_dadd_64ns_64ns_64_5_full_dsp_1' to 'Y_dadd_64ns_64ns_bkb' due to the length limit 20
INFO: [SYN 201-210] Renamed object name 'Y_dmul_64ns_64ns_64_5_max_dsp_1' to 'Y_dmul_64ns_64ns_cud' due to the length limit 20
INFO: [SYN 201-210] Renamed object name 'Y_sitodp_32ns_64_5_1' to 'Y_sitodp_32ns_64_dEe' due to the length limit 20
INFO: [RTGEN 206-100] Generating core module 'Y_dadd_64ns_64ns_bkb': 1 instance(s).
INFO: [RTGEN 206-100] Generating core module 'Y_dmul_64ns_64ns_cud': 2 instance(s).
INFO: [RTGEN 206-100] Generating core module 'Y_sitodp_32ns_64_dEe': 2 instance(s).
INFO: [RTGEN 206-100] Finished creating RTL model for 'Y'.
INFO: [HLS 200-111]  Elapsed time: 0.312 seconds; current allocated memory: 216.542 MB.
WARNING: [HLS 200-400] 'full_dsp' is not a valid style for spartan7 'DAddSub' (valid styles: no_dsp). Default style 'no_dsp' will be used.
WARNING: [HLS 200-400] 'full_dsp' is not a valid style for spartan7 'DAddSub' (valid styles: no_dsp). Default style 'no_dsp' will be used.
INFO: [HLS 200-111] Finished generating all RTL models Time (s): cpu = 00:00:04 ; elapsed = 00:00:13 . Memory (MB): peak = 302.230 ; gain = 212.227
INFO: [VHDL 208-304] Generating VHDL RTL for Y.
INFO: [VLOG 209-307] Generating Verilog RTL for Y.
INFO: [HLS 200-112] Total elapsed time: 13.18 seconds; peak allocated memory: 216.542 MB.
==============================================================
Vivado(TM) HLS - High-Level Synthesis from C, C++ and SystemC v2019.1 (64-bit)
Copyright 1986-2019 Xilinx, Inc. All Rights Reserved.
==============================================================
INFO: [SYN 201-201] Setting up clock 'default' with a period of 10ns.
INFO: [HLS 200-10] Setting target device to 'xc7s100-fgga676-2'
INFO: [IMPL 213-8] Exporting RTL as a Vivado IP.
WARNING: [HLS 200-400] 'full_dsp' is not a valid style for spartan7 'DAddSub' (valid styles: no_dsp). Default style 'no_dsp' will be used.
